<?xml version="1.0" encoding="UTF-8"?>
<testsuite name="ru.stqa.java.sandbox.PointTest" tests="1" skipped="0" failures="0" errors="0" timestamp="2019-09-09T07:29:03" hostname="DESKTOP-OPO1NB3" time="0.009">
  <properties/>
  <testcase name="testArea" classname="ru.stqa.java.sandbox.PointTest" time="0.009"/>
  <system-out><![CDATA[]]></system-out>
  <system-err><![CDATA[]]></system-err>
</testsuite>
