<?xml version="1.0" encoding="UTF-8"?>
<testsuite name="ru.stqa.java.sandbox.PrimeTest" tests="2" skipped="0" failures="0" errors="0" timestamp="2019-09-30T04:43:50" hostname="DESKTOP-OPO1NB3" time="2.716">
  <properties/>
  <testcase name="testNonPrimes" classname="ru.stqa.java.sandbox.PrimeTest" time="0.012"/>
  <testcase name="testPrimes" classname="ru.stqa.java.sandbox.PrimeTest" time="2.7"/>
  <system-out><![CDATA[]]></system-out>
  <system-err><![CDATA[]]></system-err>
</testsuite>
