<?xml version="1.0" encoding="UTF-8"?>
<testsuite name="ru.stq.java.addressbook.tests.ContactCreationTest" tests="5" skipped="0" failures="0" errors="0" timestamp="2019-10-14T06:34:13" hostname="DESKTOP-OPO1NB3" time="44.17">
  <properties/>
  <testcase name="testContactCreation[0](ContactsData{id=2147483647, firstName='Anastasia 0', lastName='Galimzyanova 0'})" classname="ru.stq.java.addressbook.tests.ContactCreationTest" time="9.116"/>
  <testcase name="testContactCreation[1](ContactsData{id=2147483647, firstName='Anastasia 1', lastName='Galimzyanova 1'})" classname="ru.stq.java.addressbook.tests.ContactCreationTest" time="8.238"/>
  <testcase name="testContactCreation[2](ContactsData{id=2147483647, firstName='Anastasia 2', lastName='Galimzyanova 2'})" classname="ru.stq.java.addressbook.tests.ContactCreationTest" time="8.528"/>
  <testcase name="testContactCreation[3](ContactsData{id=2147483647, firstName='Anastasia 3', lastName='Galimzyanova 3'})" classname="ru.stq.java.addressbook.tests.ContactCreationTest" time="8.719"/>
  <testcase name="testContactCreation[4](ContactsData{id=2147483647, firstName='Anastasia 4', lastName='Galimzyanova 4'})" classname="ru.stq.java.addressbook.tests.ContactCreationTest" time="9.567"/>
  <system-out><![CDATA[]]></system-out>
  <system-err><![CDATA[]]></system-err>
</testsuite>
