<?xml version="1.0" encoding="UTF-8"?>
<testsuite name="ru.stq.java.addressbook.tests.ContactDeletionTest" tests="1" skipped="0" failures="0" errors="0" timestamp="2019-10-14T06:35:09" hostname="DESKTOP-OPO1NB3" time="7.701">
  <properties/>
  <testcase name="testContactDeletion" classname="ru.stq.java.addressbook.tests.ContactDeletionTest" time="7.701"/>
  <system-out><![CDATA[]]></system-out>
  <system-err><![CDATA[]]></system-err>
</testsuite>
