<?xml version="1.0" encoding="UTF-8"?>
<testsuite name="ru.stq.java.addressbook.tests.ContactModificationTest" tests="1" skipped="0" failures="1" errors="0" timestamp="2019-10-21T07:58:50" hostname="DESKTOP-OPO1NB3" time="3.931">
  <properties/>
  <testcase name="testContactModification" classname="ru.stq.java.addressbook.tests.ContactModificationTest" time="3.931">
    <failure message="java.lang.AssertionError: &#13;&#10;Expected: &lt;[ContactsData{id=251, firstName='Anastasia 4', lastName='Galimzyanova 4'}, ContactsData{id=240, firstName='Anastasia 3', lastName='Galimzyanova 3'}, ContactsData{id=239, firstName='Anastasia 2', lastName='Galimzyanova 2'}, ContactsData{id=245, firstName='Anastasia 3', lastName='Galimzyanova 3'}, ContactsData{id=235, firstName='Anastasia 3', lastName='Galimzyanova 3'}, ContactsData{id=256, firstName='Anastasia 4', lastName='Galimzyanova 4'}, ContactsData{id=244, firstName='Anastasia 2', lastName='Galimzyanova 2'}, ContactsData{id=261, firstName='Anastasia 4', lastName='Galimzyanova 4'}, ContactsData{id=236, firstName='Anastasia 4', lastName='Galimzyanova 4'}, ContactsData{id=249, firstName='Anastasia 2', lastName='Galimzyanova 2'}, ContactsData{id=231, firstName='nastya', lastName='Ovchinnickova'}, ContactsData{id=250, firstName='Anastasia 3', lastName='Galimzyanova 3'}, ContactsData{id=260, firstName='Anastasia 3', lastName='Galimzyanova 3'}, ContactsData{id=241, firstName='Anastasia 4', lastName='Galimzyanova 4'}, ContactsData{id=246, firstName='Anastasia 4', lastName='Galimzyanova 4'}, ContactsData{id=264, firstName='Anastasia 2', lastName='Galimzyanova 2'}, ContactsData{id=255, firstName='Anastasia 3', lastName='Galimzyanova 3'}, ContactsData{id=234, firstName='nastya', lastName='Ovchinnickova'}, ContactsData{id=247, firstName='Anastasia 0', lastName='Galimzyanova 0'}, ContactsData{id=253, firstName='Anastasia 1', lastName='Galimzyanova 1'}, ContactsData{id=242, firstName='Anastasia 0', lastName='Galimzyanova 0'}, ContactsData{id=259, firstName='Anastasia 2', lastName='Galimzyanova 2'}, ContactsData{id=248, firstName='Anastasia 1', lastName='Galimzyanova 1'}, ContactsData{id=265, firstName='Anastasia 3', lastName='Galimzyanova 3'}, ContactsData{id=254, firstName='Anastasia 2', lastName='Galimzyanova 2'}, ContactsData{id=237, firstName='Anastasia 0', lastName='Galimzyanova 0'}, ContactsData{id=263, firstName='Anastasia 1', lastName='Galimzyanova 1'}, ContactsData{id=258, firstName='Anastasia 1', lastName='Galimzyanova 1'}, ContactsData{id=232, firstName='Anastasia 0', lastName='Galimzyanova 0'}, ContactsData{id=266, firstName='Anastasia 4', lastName='Galimzyanova 4'}, ContactsData{id=257, firstName='Anastasia 0', lastName='Galimzyanova 0'}, ContactsData{id=262, firstName='Anastasia 0', lastName='Galimzyanova 0'}, ContactsData{id=233, firstName='Anastasia 1', lastName='Galimzyanova 1'}, ContactsData{id=252, firstName='Anastasia 0', lastName='Galimzyanova 0'}, ContactsData{id=243, firstName='Anastasia 1', lastName='Galimzyanova 1'}, ContactsData{id=238, firstName='Anastasia 1', lastName='Galimzyanova 1'}]&gt;&#13;&#10;     but: was &lt;[ContactsData{id=251, firstName='Anastasia 4', lastName='Galimzyanova 4'}, ContactsData{id=240, firstName='Anastasia 3', lastName='Galimzyanova 3'}, ContactsData{id=239, firstName='Anastasia 2', lastName='Galimzyanova 2'}, ContactsData{id=245, firstName='Anastasia 3', lastName='Galimzyanova 3'}, ContactsData{id=235, firstName='Anastasia 3', lastName='Galimzyanova 3'}, ContactsData{id=256, firstName='Anastasia 4', lastName='Galimzyanova 4'}, ContactsData{id=244, firstName='Anastasia 2', lastName='Galimzyanova 2'}, ContactsData{id=261, firstName='Anastasia 4', lastName='Galimzyanova 4'}, ContactsData{id=236, firstName='Anastasia 4', lastName='Galimzyanova 4'}, ContactsData{id=249, firstName='Anastasia 2', lastName='Galimzyanova 2'}, ContactsData{id=231, firstName='nastya', lastName='Ovchinnickova'}, ContactsData{id=250, firstName='Anastasia 3', lastName='Galimzyanova 3'}, ContactsData{id=260, firstName='Anastasia 3', lastName='Galimzyanova 3'}, ContactsData{id=241, firstName='Anastasia 4', lastName='Galimzyanova 4'}, ContactsData{id=246, firstName='Anastasia 4', lastName='Galimzyanova 4'}, ContactsData{id=264, firstName='Anastasia 2', lastName='Galimzyanova 2'}, ContactsData{id=255, firstName='Anastasia 3', lastName='Galimzyanova 3'}, ContactsData{id=247, firstName='Anastasia 0', lastName='Galimzyanova 0'}, ContactsData{id=253, firstName='Anastasia 1', lastName='Galimzyanova 1'}, ContactsData{id=242, firstName='Anastasia 0', lastName='Galimzyanova 0'}, ContactsData{id=259, firstName='Anastasia 2', lastName='Galimzyanova 2'}, ContactsData{id=248, firstName='Anastasia 1', lastName='Galimzyanova 1'}, ContactsData{id=265, firstName='Anastasia 3', lastName='Galimzyanova 3'}, ContactsData{id=254, firstName='Anastasia 2', lastName='Galimzyanova 2'}, ContactsData{id=237, firstName='Anastasia 0', lastName='Galimzyanova 0'}, ContactsData{id=234, firstName='nastya', lastName='Ovchinnickova'}, ContactsData{id=263, firstName='Anastasia 1', lastName='Galimzyanova 1'}, ContactsData{id=258, firstName='Anastasia 1', lastName='Galimzyanova 1'}, ContactsData{id=232, firstName='Anastasia 0', lastName='Galimzyanova 0'}, ContactsData{id=266, firstName='Anastasia 4', lastName='Galimzyanova 4'}, ContactsData{id=257, firstName='Anastasia 0', lastName='Galimzyanova 0'}, ContactsData{id=262, firstName='Anastasia 0', lastName='Galimzyanova 0'}, ContactsData{id=233, firstName='Anastasia 1', lastName='Galimzyanova 1'}, ContactsData{id=252, firstName='Anastasia 0', lastName='Galimzyanova 0'}, ContactsData{id=243, firstName='Anastasia 1', lastName='Galimzyanova 1'}, ContactsData{id=238, firstName='Anastasia 1', lastName='Galimzyanova 1'}]&gt;" type="java.lang.AssertionError">java.lang.AssertionError: 
Expected: &lt;[ContactsData{id=251, firstName='Anastasia 4', lastName='Galimzyanova 4'}, ContactsData{id=240, firstName='Anastasia 3', lastName='Galimzyanova 3'}, ContactsData{id=239, firstName='Anastasia 2', lastName='Galimzyanova 2'}, ContactsData{id=245, firstName='Anastasia 3', lastName='Galimzyanova 3'}, ContactsData{id=235, firstName='Anastasia 3', lastName='Galimzyanova 3'}, ContactsData{id=256, firstName='Anastasia 4', lastName='Galimzyanova 4'}, ContactsData{id=244, firstName='Anastasia 2', lastName='Galimzyanova 2'}, ContactsData{id=261, firstName='Anastasia 4', lastName='Galimzyanova 4'}, ContactsData{id=236, firstName='Anastasia 4', lastName='Galimzyanova 4'}, ContactsData{id=249, firstName='Anastasia 2', lastName='Galimzyanova 2'}, ContactsData{id=231, firstName='nastya', lastName='Ovchinnickova'}, ContactsData{id=250, firstName='Anastasia 3', lastName='Galimzyanova 3'}, ContactsData{id=260, firstName='Anastasia 3', lastName='Galimzyanova 3'}, ContactsData{id=241, firstName='Anastasia 4', lastName='Galimzyanova 4'}, ContactsData{id=246, firstName='Anastasia 4', lastName='Galimzyanova 4'}, ContactsData{id=264, firstName='Anastasia 2', lastName='Galimzyanova 2'}, ContactsData{id=255, firstName='Anastasia 3', lastName='Galimzyanova 3'}, ContactsData{id=234, firstName='nastya', lastName='Ovchinnickova'}, ContactsData{id=247, firstName='Anastasia 0', lastName='Galimzyanova 0'}, ContactsData{id=253, firstName='Anastasia 1', lastName='Galimzyanova 1'}, ContactsData{id=242, firstName='Anastasia 0', lastName='Galimzyanova 0'}, ContactsData{id=259, firstName='Anastasia 2', lastName='Galimzyanova 2'}, ContactsData{id=248, firstName='Anastasia 1', lastName='Galimzyanova 1'}, ContactsData{id=265, firstName='Anastasia 3', lastName='Galimzyanova 3'}, ContactsData{id=254, firstName='Anastasia 2', lastName='Galimzyanova 2'}, ContactsData{id=237, firstName='Anastasia 0', lastName='Galimzyanova 0'}, ContactsData{id=263, firstName='Anastasia 1', lastName='Galimzyanova 1'}, ContactsData{id=258, firstName='Anastasia 1', lastName='Galimzyanova 1'}, ContactsData{id=232, firstName='Anastasia 0', lastName='Galimzyanova 0'}, ContactsData{id=266, firstName='Anastasia 4', lastName='Galimzyanova 4'}, ContactsData{id=257, firstName='Anastasia 0', lastName='Galimzyanova 0'}, ContactsData{id=262, firstName='Anastasia 0', lastName='Galimzyanova 0'}, ContactsData{id=233, firstName='Anastasia 1', lastName='Galimzyanova 1'}, ContactsData{id=252, firstName='Anastasia 0', lastName='Galimzyanova 0'}, ContactsData{id=243, firstName='Anastasia 1', lastName='Galimzyanova 1'}, ContactsData{id=238, firstName='Anastasia 1', lastName='Galimzyanova 1'}]&gt;
     but: was &lt;[ContactsData{id=251, firstName='Anastasia 4', lastName='Galimzyanova 4'}, ContactsData{id=240, firstName='Anastasia 3', lastName='Galimzyanova 3'}, ContactsData{id=239, firstName='Anastasia 2', lastName='Galimzyanova 2'}, ContactsData{id=245, firstName='Anastasia 3', lastName='Galimzyanova 3'}, ContactsData{id=235, firstName='Anastasia 3', lastName='Galimzyanova 3'}, ContactsData{id=256, firstName='Anastasia 4', lastName='Galimzyanova 4'}, ContactsData{id=244, firstName='Anastasia 2', lastName='Galimzyanova 2'}, ContactsData{id=261, firstName='Anastasia 4', lastName='Galimzyanova 4'}, ContactsData{id=236, firstName='Anastasia 4', lastName='Galimzyanova 4'}, ContactsData{id=249, firstName='Anastasia 2', lastName='Galimzyanova 2'}, ContactsData{id=231, firstName='nastya', lastName='Ovchinnickova'}, ContactsData{id=250, firstName='Anastasia 3', lastName='Galimzyanova 3'}, ContactsData{id=260, firstName='Anastasia 3', lastName='Galimzyanova 3'}, ContactsData{id=241, firstName='Anastasia 4', lastName='Galimzyanova 4'}, ContactsData{id=246, firstName='Anastasia 4', lastName='Galimzyanova 4'}, ContactsData{id=264, firstName='Anastasia 2', lastName='Galimzyanova 2'}, ContactsData{id=255, firstName='Anastasia 3', lastName='Galimzyanova 3'}, ContactsData{id=247, firstName='Anastasia 0', lastName='Galimzyanova 0'}, ContactsData{id=253, firstName='Anastasia 1', lastName='Galimzyanova 1'}, ContactsData{id=242, firstName='Anastasia 0', lastName='Galimzyanova 0'}, ContactsData{id=259, firstName='Anastasia 2', lastName='Galimzyanova 2'}, ContactsData{id=248, firstName='Anastasia 1', lastName='Galimzyanova 1'}, ContactsData{id=265, firstName='Anastasia 3', lastName='Galimzyanova 3'}, ContactsData{id=254, firstName='Anastasia 2', lastName='Galimzyanova 2'}, ContactsData{id=237, firstName='Anastasia 0', lastName='Galimzyanova 0'}, ContactsData{id=234, firstName='nastya', lastName='Ovchinnickova'}, ContactsData{id=263, firstName='Anastasia 1', lastName='Galimzyanova 1'}, ContactsData{id=258, firstName='Anastasia 1', lastName='Galimzyanova 1'}, ContactsData{id=232, firstName='Anastasia 0', lastName='Galimzyanova 0'}, ContactsData{id=266, firstName='Anastasia 4', lastName='Galimzyanova 4'}, ContactsData{id=257, firstName='Anastasia 0', lastName='Galimzyanova 0'}, ContactsData{id=262, firstName='Anastasia 0', lastName='Galimzyanova 0'}, ContactsData{id=233, firstName='Anastasia 1', lastName='Galimzyanova 1'}, ContactsData{id=252, firstName='Anastasia 0', lastName='Galimzyanova 0'}, ContactsData{id=243, firstName='Anastasia 1', lastName='Galimzyanova 1'}, ContactsData{id=238, firstName='Anastasia 1', lastName='Galimzyanova 1'}]&gt;
	at org.hamcrest.MatcherAssert.assertThat(MatcherAssert.java:20)
	at org.hamcrest.MatcherAssert.assertThat(MatcherAssert.java:6)
	at ru.stq.java.addressbook.tests.ContactModificationTest.testContactModification(ContactModificationTest.java:30)
	at java.base/jdk.internal.reflect.NativeMethodAccessorImpl.invoke0(Native Method)
	at java.base/jdk.internal.reflect.NativeMethodAccessorImpl.invoke(NativeMethodAccessorImpl.java:62)
	at java.base/jdk.internal.reflect.DelegatingMethodAccessorImpl.invoke(DelegatingMethodAccessorImpl.java:43)
	at java.base/java.lang.reflect.Method.invoke(Method.java:567)
	at org.testng.internal.MethodInvocationHelper.invokeMethod(MethodInvocationHelper.java:133)
	at org.testng.internal.TestInvoker.invokeMethod(TestInvoker.java:584)
	at org.testng.internal.TestInvoker.invokeTestMethod(TestInvoker.java:172)
	at org.testng.internal.MethodRunner.runInSequence(MethodRunner.java:46)
	at org.testng.internal.TestInvoker$MethodInvocationAgent.invoke(TestInvoker.java:804)
	at org.testng.internal.TestInvoker.invokeTestMethods(TestInvoker.java:145)
	at org.testng.internal.TestMethodWorker.invokeTestMethods(TestMethodWorker.java:146)
	at org.testng.internal.TestMethodWorker.run(TestMethodWorker.java:128)
	at java.base/java.util.ArrayList.forEach(ArrayList.java:1540)
	at org.testng.TestRunner.privateRun(TestRunner.java:770)
	at org.testng.TestRunner.run(TestRunner.java:591)
	at org.testng.SuiteRunner.runTest(SuiteRunner.java:402)
	at org.testng.SuiteRunner.runSequentially(SuiteRunner.java:396)
	at org.testng.SuiteRunner.privateRun(SuiteRunner.java:355)
	at org.testng.SuiteRunner.run(SuiteRunner.java:304)
	at org.testng.SuiteRunnerWorker.runSuite(SuiteRunnerWorker.java:53)
	at org.testng.SuiteRunnerWorker.run(SuiteRunnerWorker.java:96)
	at org.testng.TestNG.runSuitesSequentially(TestNG.java:1180)
	at org.testng.TestNG.runSuitesLocally(TestNG.java:1102)
	at org.testng.TestNG.runSuites(TestNG.java:1032)
	at org.testng.TestNG.run(TestNG.java:1000)
	at org.gradle.api.internal.tasks.testing.testng.TestNGTestClassProcessor.runTests(TestNGTestClassProcessor.java:141)
	at org.gradle.api.internal.tasks.testing.testng.TestNGTestClassProcessor.stop(TestNGTestClassProcessor.java:90)
	at org.gradle.api.internal.tasks.testing.SuiteTestClassProcessor.stop(SuiteTestClassProcessor.java:61)
	at java.base/jdk.internal.reflect.NativeMethodAccessorImpl.invoke0(Native Method)
	at java.base/jdk.internal.reflect.NativeMethodAccessorImpl.invoke(NativeMethodAccessorImpl.java:62)
	at java.base/jdk.internal.reflect.DelegatingMethodAccessorImpl.invoke(DelegatingMethodAccessorImpl.java:43)
	at java.base/java.lang.reflect.Method.invoke(Method.java:567)
	at org.gradle.internal.dispatch.ReflectionDispatch.dispatch(ReflectionDispatch.java:36)
	at org.gradle.internal.dispatch.ReflectionDispatch.dispatch(ReflectionDispatch.java:24)
	at org.gradle.internal.dispatch.ContextClassLoaderDispatch.dispatch(ContextClassLoaderDispatch.java:33)
	at org.gradle.internal.dispatch.ProxyDispatchAdapter$DispatchingInvocationHandler.invoke(ProxyDispatchAdapter.java:94)
	at com.sun.proxy.$Proxy2.stop(Unknown Source)
	at org.gradle.api.internal.tasks.testing.worker.TestWorker.stop(TestWorker.java:132)
	at java.base/jdk.internal.reflect.NativeMethodAccessorImpl.invoke0(Native Method)
	at java.base/jdk.internal.reflect.NativeMethodAccessorImpl.invoke(NativeMethodAccessorImpl.java:62)
	at java.base/jdk.internal.reflect.DelegatingMethodAccessorImpl.invoke(DelegatingMethodAccessorImpl.java:43)
	at java.base/java.lang.reflect.Method.invoke(Method.java:567)
	at org.gradle.internal.dispatch.ReflectionDispatch.dispatch(ReflectionDispatch.java:36)
	at org.gradle.internal.dispatch.ReflectionDispatch.dispatch(ReflectionDispatch.java:24)
	at org.gradle.internal.remote.internal.hub.MessageHubBackedObjectConnection$DispatchWrapper.dispatch(MessageHubBackedObjectConnection.java:182)
	at org.gradle.internal.remote.internal.hub.MessageHubBackedObjectConnection$DispatchWrapper.dispatch(MessageHubBackedObjectConnection.java:164)
	at org.gradle.internal.remote.internal.hub.MessageHub$Handler.run(MessageHub.java:412)
	at org.gradle.internal.concurrent.ExecutorPolicy$CatchAndRecordFailures.onExecute(ExecutorPolicy.java:64)
	at org.gradle.internal.concurrent.ManagedExecutorImpl$1.run(ManagedExecutorImpl.java:48)
	at java.base/java.util.concurrent.ThreadPoolExecutor.runWorker(ThreadPoolExecutor.java:1128)
	at java.base/java.util.concurrent.ThreadPoolExecutor$Worker.run(ThreadPoolExecutor.java:628)
	at org.gradle.internal.concurrent.ThreadFactoryImpl$ManagedThreadRunnable.run(ThreadFactoryImpl.java:56)
	at java.base/java.lang.Thread.run(Thread.java:835)
</failure>
  </testcase>
  <system-out><![CDATA[12:58:50.066 [Test worker] INFO  r.s.java.addressbook.tests.TestBase - Start test testContactModification with parameters []
Hibernate: select contactsda0_.id as id1_0_, contactsda0_.email as email2_0_, contactsda0_.email2 as email3_0_, contactsda0_.email3 as email4_0_, contactsda0_.firstname as firstnam5_0_, contactsda0_.home as home6_0_, contactsda0_.lastname as lastname7_0_, contactsda0_.mobile as mobile8_0_, contactsda0_.photo as photo9_0_, contactsda0_.work as work10_0_ from addressbook contactsda0_ where deprecated='0000-00-00 00:00:00'
Hibernate: select contactsda0_.id as id1_0_, contactsda0_.email as email2_0_, contactsda0_.email2 as email3_0_, contactsda0_.email3 as email4_0_, contactsda0_.firstname as firstnam5_0_, contactsda0_.home as home6_0_, contactsda0_.lastname as lastname7_0_, contactsda0_.mobile as mobile8_0_, contactsda0_.photo as photo9_0_, contactsda0_.work as work10_0_ from addressbook contactsda0_ where deprecated='0000-00-00 00:00:00'
Hibernate: select contactsda0_.id as id1_0_, contactsda0_.email as email2_0_, contactsda0_.email2 as email3_0_, contactsda0_.email3 as email4_0_, contactsda0_.firstname as firstnam5_0_, contactsda0_.home as home6_0_, contactsda0_.lastname as lastname7_0_, contactsda0_.mobile as mobile8_0_, contactsda0_.photo as photo9_0_, contactsda0_.work as work10_0_ from addressbook contactsda0_ where deprecated='0000-00-00 00:00:00'
12:58:54.209 [Test worker] INFO  r.s.java.addressbook.tests.TestBase - Stop test testContactModification
]]></system-out>
  <system-err><![CDATA[]]></system-err>
</testsuite>
