<?xml version="1.0" encoding="UTF-8"?>
<testsuite name="ru.stq.java.addressbook.tests.GroupModificationTest" tests="1" skipped="0" failures="0" errors="0" timestamp="2019-10-07T06:17:37" hostname="DESKTOP-OPO1NB3" time="1.513">
  <properties/>
  <testcase name="testGroupModification" classname="ru.stq.java.addressbook.tests.GroupModificationTest" time="1.513"/>
  <system-out><![CDATA[]]></system-out>
  <system-err><![CDATA[]]></system-err>
</testsuite>
