<?xml version="1.0" encoding="UTF-8"?>
<testsuite name="ru.stq.java.addressbook.tests.ContactModificationTest" tests="1" skipped="0" failures="0" errors="0" timestamp="2019-10-07T08:24:03" hostname="DESKTOP-OPO1NB3" time="2.781">
  <properties/>
  <testcase name="testContactModification" classname="ru.stq.java.addressbook.tests.ContactModificationTest" time="2.781"/>
  <system-out><![CDATA[]]></system-out>
  <system-err><![CDATA[]]></system-err>
</testsuite>
