<?xml version="1.0" encoding="UTF-8"?>
<testsuite name="ru.stq.java.addressbook.tests.ContactCreationTest" tests="1" skipped="0" failures="0" errors="0" timestamp="2019-10-13T06:11:16" hostname="DESKTOP-OPO1NB3" time="4.658">
  <properties/>
  <testcase name="testContactCreation" classname="ru.stq.java.addressbook.tests.ContactCreationTest" time="4.658"/>
  <system-out><![CDATA[]]></system-out>
  <system-err><![CDATA[]]></system-err>
</testsuite>
