<?xml version="1.0" encoding="UTF-8"?>
<testsuite name="ru.stq.java.addressbook.tests.HbConnectionTest" tests="1" skipped="0" failures="0" errors="0" timestamp="2019-10-21T05:09:57" hostname="DESKTOP-OPO1NB3" time="0.533">
  <properties/>
  <testcase name="hbConnectionTest" classname="ru.stq.java.addressbook.tests.HbConnectionTest" time="0.533"/>
  <system-out><![CDATA[10:09:56,183 |-INFO in ch.qos.logback.classic.LoggerContext[default] - Could NOT find resource [logback.groovy]
10:09:56,183 |-INFO in ch.qos.logback.classic.LoggerContext[default] - Could NOT find resource [logback-test.xml]
10:09:56,183 |-INFO in ch.qos.logback.classic.LoggerContext[default] - Found resource [logback.xml] at [file:/F:/%d0%9d%d0%90%d0%a1%d0%a2%d0%af/JAVA/JAVA/addressbook-web-tests/build/resources/test/logback.xml]
10:09:56,251 |-INFO in ch.qos.logback.classic.joran.action.ConfigurationAction - debug attribute not set
10:09:56,258 |-INFO in ch.qos.logback.core.joran.action.TimestampAction - Using current interpretation time, i.e. now, as time reference.
10:09:56,280 |-INFO in ch.qos.logback.core.joran.action.TimestampAction - Adding property to the context with key="bySecond" and value="20191021T100956" to the LOCAL scope
10:09:56,281 |-INFO in ch.qos.logback.core.joran.action.AppenderAction - About to instantiate appender of type [ch.qos.logback.core.FileAppender]
10:09:56,285 |-INFO in ch.qos.logback.core.joran.action.AppenderAction - Naming appender as [FILE]
10:09:56,307 |-ERROR in ch.qos.logback.core.joran.spi.Interpreter@7:25 - no applicable action for [immediateFlush], current ElementPath  is [[configuration][appender][immediateFlush]]
10:09:56,308 |-INFO in ch.qos.logback.core.joran.action.NestedComplexPropertyIA - Assuming default type [ch.qos.logback.classic.encoder.PatternLayoutEncoder] for [encoder] property
10:09:56,336 |-INFO in ch.qos.logback.core.FileAppender[FILE] - File property is set to [test-20191021T100956.log]
10:09:56,337 |-INFO in ch.qos.logback.core.joran.action.AppenderAction - About to instantiate appender of type [ch.qos.logback.core.ConsoleAppender]
10:09:56,338 |-INFO in ch.qos.logback.core.joran.action.AppenderAction - Naming appender as [STDOUT]
10:09:56,343 |-INFO in ch.qos.logback.core.joran.action.NestedComplexPropertyIA - Assuming default type [ch.qos.logback.classic.encoder.PatternLayoutEncoder] for [encoder] property
10:09:56,344 |-INFO in ch.qos.logback.classic.joran.action.RootLoggerAction - Setting level of ROOT logger to DEBUG
10:09:56,344 |-INFO in ch.qos.logback.core.joran.action.AppenderRefAction - Attaching appender named [FILE] to Logger[ROOT]
10:09:56,344 |-INFO in ch.qos.logback.core.joran.action.AppenderRefAction - Attaching appender named [STDOUT] to Logger[ROOT]
10:09:56,344 |-INFO in ch.qos.logback.classic.joran.action.ConfigurationAction - End of configuration.
10:09:56,345 |-INFO in ch.qos.logback.classic.joran.JoranConfigurator@7970bbbe - Registering current configuration as safe fallback point

10:09:56.457 [Test worker] INFO  org.hibernate.Version - HHH000412: Hibernate Core {6.0.0.Alpha2}
10:09:56.463 [Test worker] INFO  org.hibernate.cfg.Environment - HHH000206: hibernate.properties not found
10:09:56.888 [Test worker] INFO  o.h.annotations.common.Version - HCANN000001: Hibernate Commons Annotations {5.1.0.Final}
10:09:56.962 [Test worker] WARN  o.hibernate.orm.connections.pooling - HHH10001002: Using Hibernate built-in connection pool (not for production use!)
10:09:56.968 [Test worker] INFO  o.hibernate.orm.connections.pooling - HHH10001005: using driver [com.mysql.cj.jdbc.Driver] at URL [jdbc:mysql://localhost/addressbook?useUnicode=true&useJDBCCompliantTimezoneShift=true&useLegacyDatetimeCode=false&serverTimezone=UTC]
10:09:56.969 [Test worker] INFO  o.hibernate.orm.connections.pooling - HHH10001001: Connection properties: {password=, user=root}
10:09:56.969 [Test worker] INFO  o.hibernate.orm.connections.pooling - HHH10001003: Autocommit mode: false
10:09:56.972 [Test worker] INFO  o.h.e.j.c.i.DriverManagerConnectionProviderImpl - HHH000115: Hibernate connection pool size: 1 (min=1)
10:09:57.139 [Test worker] INFO  org.hibernate.dialect.Dialect - HHH000400: Using dialect: org.hibernate.dialect.MySQLDialect
10:09:57.196 [Test worker] INFO  o.h.e.b.internal.EnversServiceImpl - Envers integration enabled? : true
10:09:57.362 [Test worker] INFO  o.h.e.b.i.AdditionalJaxbMappingProducerImpl - Generating Envers XML mappings.
10:09:57.815 [Test worker] INFO  org.hibernate.orm.connections.access - HHH10001501: Connection obtained from JdbcConnectionAccess [org.hibernate.engine.jdbc.env.internal.JdbcEnvironmentInitiator$ConnectionProviderJdbcConnectionAccess@1752bff3] for (non-JTA) DDL execution was not in auto-commit mode; the Connection 'local transaction' will be committed and the Connection will be set into auto-commit mode.
10:09:57.922 [Test worker] INFO  o.h.e.t.j.p.i.JtaPlatformInitiator - HHH000490: Using JtaPlatform implementation: [org.hibernate.engine.transaction.jta.platform.internal.NoJtaPlatform]
Hibernate: select g1_0.group_id, g1_0.group_footer, g1_0.group_header, g1_0.group_name from group_list as g1_0
10:09:58.194 [Test worker] INFO  o.h.s.r.i.RowReaderStandardImpl - ---Processing Row---
10:09:58.197 [Test worker] INFO  o.h.s.r.i.d.b.BasicResultAssembler - Extracted value [Position 0] - [47]
10:09:58.204 [Test worker] INFO  o.h.s.r.i.d.b.BasicResultAssembler - Extracted value [Position 3] - [group1]
10:09:58.205 [Test worker] INFO  o.h.s.r.i.d.b.BasicResultAssembler - Extracted value [Position 1] - [group3]
10:09:58.205 [Test worker] INFO  o.h.s.r.i.d.b.BasicResultAssembler - Extracted value [Position 2] - [group2]
10:09:58.217 [Test worker] INFO  o.h.s.r.i.RowReaderStandardImpl - ---Processing Row---
10:09:58.218 [Test worker] INFO  o.h.s.r.i.d.b.BasicResultAssembler - Extracted value [Position 0] - [48]
10:09:58.219 [Test worker] INFO  o.h.s.r.i.d.b.BasicResultAssembler - Extracted value [Position 3] - [group1]
10:09:58.219 [Test worker] INFO  o.h.s.r.i.d.b.BasicResultAssembler - Extracted value [Position 1] - [group3]
10:09:58.219 [Test worker] INFO  o.h.s.r.i.d.b.BasicResultAssembler - Extracted value [Position 2] - [group2]
10:09:58.219 [Test worker] INFO  o.h.s.r.i.RowReaderStandardImpl - ---Processing Row---
10:09:58.220 [Test worker] INFO  o.h.s.r.i.d.b.BasicResultAssembler - Extracted value [Position 0] - [49]
10:09:58.220 [Test worker] INFO  o.h.s.r.i.d.b.BasicResultAssembler - Extracted value [Position 3] - [group1]
10:09:58.220 [Test worker] INFO  o.h.s.r.i.d.b.BasicResultAssembler - Extracted value [Position 1] - [group3]
10:09:58.220 [Test worker] INFO  o.h.s.r.i.d.b.BasicResultAssembler - Extracted value [Position 2] - [group2]
10:09:58.220 [Test worker] INFO  o.h.s.r.i.RowReaderStandardImpl - ---Processing Row---
10:09:58.220 [Test worker] INFO  o.h.s.r.i.d.b.BasicResultAssembler - Extracted value [Position 0] - [50]
10:09:58.221 [Test worker] INFO  o.h.s.r.i.d.b.BasicResultAssembler - Extracted value [Position 3] - [group3]
10:09:58.221 [Test worker] INFO  o.h.s.r.i.d.b.BasicResultAssembler - Extracted value [Position 1] - []
10:09:58.221 [Test worker] INFO  o.h.s.r.i.d.b.BasicResultAssembler - Extracted value [Position 2] - []
10:09:58.222 [Test worker] INFO  o.h.s.r.i.RowReaderStandardImpl - ---Processing Row---
10:09:58.222 [Test worker] INFO  o.h.s.r.i.d.b.BasicResultAssembler - Extracted value [Position 0] - [51]
10:09:58.222 [Test worker] INFO  o.h.s.r.i.d.b.BasicResultAssembler - Extracted value [Position 3] - [group3]
10:09:58.222 [Test worker] INFO  o.h.s.r.i.d.b.BasicResultAssembler - Extracted value [Position 1] - []
10:09:58.222 [Test worker] INFO  o.h.s.r.i.d.b.BasicResultAssembler - Extracted value [Position 2] - []
10:09:58.223 [Test worker] INFO  o.h.s.r.i.RowReaderStandardImpl - ---Processing Row---
10:09:58.223 [Test worker] INFO  o.h.s.r.i.d.b.BasicResultAssembler - Extracted value [Position 0] - [52]
10:09:58.223 [Test worker] INFO  o.h.s.r.i.d.b.BasicResultAssembler - Extracted value [Position 3] - [group3]
10:09:58.225 [Test worker] INFO  o.h.s.r.i.d.b.BasicResultAssembler - Extracted value [Position 1] - []
10:09:58.225 [Test worker] INFO  o.h.s.r.i.d.b.BasicResultAssembler - Extracted value [Position 2] - []
10:09:58.226 [Test worker] INFO  o.h.s.r.i.RowReaderStandardImpl - ---Processing Row---
10:09:58.226 [Test worker] INFO  o.h.s.r.i.d.b.BasicResultAssembler - Extracted value [Position 0] - [53]
10:09:58.227 [Test worker] INFO  o.h.s.r.i.d.b.BasicResultAssembler - Extracted value [Position 3] - [group3]
10:09:58.227 [Test worker] INFO  o.h.s.r.i.d.b.BasicResultAssembler - Extracted value [Position 1] - []
10:09:58.227 [Test worker] INFO  o.h.s.r.i.d.b.BasicResultAssembler - Extracted value [Position 2] - []
10:09:58.229 [Test worker] INFO  o.h.s.r.i.RowReaderStandardImpl - ---Processing Row---
10:09:58.230 [Test worker] INFO  o.h.s.r.i.d.b.BasicResultAssembler - Extracted value [Position 0] - [60]
10:09:58.230 [Test worker] INFO  o.h.s.r.i.d.b.BasicResultAssembler - Extracted value [Position 3] - [group1]
10:09:58.230 [Test worker] INFO  o.h.s.r.i.d.b.BasicResultAssembler - Extracted value [Position 1] - [footer 1]
10:09:58.231 [Test worker] INFO  o.h.s.r.i.d.b.BasicResultAssembler - Extracted value [Position 2] - [header 1]
10:09:58.231 [Test worker] INFO  o.h.s.r.i.RowReaderStandardImpl - ---Processing Row---
10:09:58.231 [Test worker] INFO  o.h.s.r.i.d.b.BasicResultAssembler - Extracted value [Position 0] - [62]
10:09:58.232 [Test worker] INFO  o.h.s.r.i.d.b.BasicResultAssembler - Extracted value [Position 3] - [group3]
10:09:58.232 [Test worker] INFO  o.h.s.r.i.d.b.BasicResultAssembler - Extracted value [Position 1] - [footer 3]
10:09:58.232 [Test worker] INFO  o.h.s.r.i.d.b.BasicResultAssembler - Extracted value [Position 2] - [header 3]
10:09:58.232 [Test worker] INFO  o.h.s.r.i.RowReaderStandardImpl - ---Processing Row---
10:09:58.232 [Test worker] INFO  o.h.s.r.i.d.b.BasicResultAssembler - Extracted value [Position 0] - [64]
10:09:58.233 [Test worker] INFO  o.h.s.r.i.d.b.BasicResultAssembler - Extracted value [Position 3] - [group2]
10:09:58.233 [Test worker] INFO  o.h.s.r.i.d.b.BasicResultAssembler - Extracted value [Position 1] - [footer 2]
10:09:58.233 [Test worker] INFO  o.h.s.r.i.d.b.BasicResultAssembler - Extracted value [Position 2] - [header 2]
10:09:58.233 [Test worker] INFO  o.h.s.r.i.RowReaderStandardImpl - ---Processing Row---
10:09:58.233 [Test worker] INFO  o.h.s.r.i.d.b.BasicResultAssembler - Extracted value [Position 0] - [65]
10:09:58.234 [Test worker] INFO  o.h.s.r.i.d.b.BasicResultAssembler - Extracted value [Position 3] - [group1]
10:09:58.234 [Test worker] INFO  o.h.s.r.i.d.b.BasicResultAssembler - Extracted value [Position 1] - [group3]
10:09:58.234 [Test worker] INFO  o.h.s.r.i.d.b.BasicResultAssembler - Extracted value [Position 2] - [group2]
10:09:58.235 [Test worker] INFO  o.h.s.r.i.RowReaderStandardImpl - ---Processing Row---
10:09:58.235 [Test worker] INFO  o.h.s.r.i.d.b.BasicResultAssembler - Extracted value [Position 0] - [66]
10:09:58.235 [Test worker] INFO  o.h.s.r.i.d.b.BasicResultAssembler - Extracted value [Position 3] - [test 0]
10:09:58.235 [Test worker] INFO  o.h.s.r.i.d.b.BasicResultAssembler - Extracted value [Position 1] - [footer 0]
10:09:58.235 [Test worker] INFO  o.h.s.r.i.d.b.BasicResultAssembler - Extracted value [Position 2] - [header 0]
10:09:58.235 [Test worker] INFO  o.h.s.r.i.RowReaderStandardImpl - ---Processing Row---
10:09:58.235 [Test worker] INFO  o.h.s.r.i.d.b.BasicResultAssembler - Extracted value [Position 0] - [67]
10:09:58.236 [Test worker] INFO  o.h.s.r.i.d.b.BasicResultAssembler - Extracted value [Position 3] - [test 1]
10:09:58.236 [Test worker] INFO  o.h.s.r.i.d.b.BasicResultAssembler - Extracted value [Position 1] - [footer 1]
10:09:58.236 [Test worker] INFO  o.h.s.r.i.d.b.BasicResultAssembler - Extracted value [Position 2] - [header 1]
10:09:58.236 [Test worker] INFO  o.h.s.r.i.RowReaderStandardImpl - ---Processing Row---
10:09:58.236 [Test worker] INFO  o.h.s.r.i.d.b.BasicResultAssembler - Extracted value [Position 0] - [68]
10:09:58.236 [Test worker] INFO  o.h.s.r.i.d.b.BasicResultAssembler - Extracted value [Position 3] - [test 2]
10:09:58.237 [Test worker] INFO  o.h.s.r.i.d.b.BasicResultAssembler - Extracted value [Position 1] - [footer 2]
10:09:58.237 [Test worker] INFO  o.h.s.r.i.d.b.BasicResultAssembler - Extracted value [Position 2] - [header 2]
10:09:58.237 [Test worker] INFO  o.h.s.r.i.RowReaderStandardImpl - ---Processing Row---
10:09:58.237 [Test worker] INFO  o.h.s.r.i.d.b.BasicResultAssembler - Extracted value [Position 0] - [69]
10:09:58.237 [Test worker] INFO  o.h.s.r.i.d.b.BasicResultAssembler - Extracted value [Position 3] - [test 3]
10:09:58.237 [Test worker] INFO  o.h.s.r.i.d.b.BasicResultAssembler - Extracted value [Position 1] - [footer 3]
10:09:58.238 [Test worker] INFO  o.h.s.r.i.d.b.BasicResultAssembler - Extracted value [Position 2] - [header 3]
10:09:58.238 [Test worker] INFO  o.h.s.r.i.RowReaderStandardImpl - ---Processing Row---
10:09:58.238 [Test worker] INFO  o.h.s.r.i.d.b.BasicResultAssembler - Extracted value [Position 0] - [70]
10:09:58.240 [Test worker] INFO  o.h.s.r.i.d.b.BasicResultAssembler - Extracted value [Position 3] - [test 4]
10:09:58.240 [Test worker] INFO  o.h.s.r.i.d.b.BasicResultAssembler - Extracted value [Position 1] - [footer 4]
10:09:58.240 [Test worker] INFO  o.h.s.r.i.d.b.BasicResultAssembler - Extracted value [Position 2] - [header 4]
10:09:58.251 [Test worker] INFO  o.h.s.r.i.RowReaderStandardImpl - ---Processing Row---
10:09:58.251 [Test worker] INFO  o.h.s.r.i.d.b.BasicResultAssembler - Extracted value [Position 0] - [71]
10:09:58.256 [Test worker] INFO  o.h.s.r.i.d.b.BasicResultAssembler - Extracted value [Position 3] - [test 5]
10:09:58.258 [Test worker] INFO  o.h.s.r.i.d.b.BasicResultAssembler - Extracted value [Position 1] - [footer 5]
10:09:58.259 [Test worker] INFO  o.h.s.r.i.d.b.BasicResultAssembler - Extracted value [Position 2] - [header 5]
10:09:58.260 [Test worker] INFO  o.h.s.r.i.RowReaderStandardImpl - ---Processing Row---
10:09:58.261 [Test worker] INFO  o.h.s.r.i.d.b.BasicResultAssembler - Extracted value [Position 0] - [72]
10:09:58.262 [Test worker] INFO  o.h.s.r.i.d.b.BasicResultAssembler - Extracted value [Position 3] - [test 0]
10:09:58.262 [Test worker] INFO  o.h.s.r.i.d.b.BasicResultAssembler - Extracted value [Position 1] - [footer 0]
10:09:58.263 [Test worker] INFO  o.h.s.r.i.d.b.BasicResultAssembler - Extracted value [Position 2] - [header 0]
10:09:58.263 [Test worker] INFO  o.h.s.r.i.RowReaderStandardImpl - ---Processing Row---
10:09:58.263 [Test worker] INFO  o.h.s.r.i.d.b.BasicResultAssembler - Extracted value [Position 0] - [73]
10:09:58.263 [Test worker] INFO  o.h.s.r.i.d.b.BasicResultAssembler - Extracted value [Position 3] - [group1]
10:09:58.264 [Test worker] INFO  o.h.s.r.i.d.b.BasicResultAssembler - Extracted value [Position 1] - [group3]
10:09:58.264 [Test worker] INFO  o.h.s.r.i.d.b.BasicResultAssembler - Extracted value [Position 2] - [group2]
10:09:58.264 [Test worker] INFO  o.h.s.r.i.RowReaderStandardImpl - ---Processing Row---
10:09:58.265 [Test worker] INFO  o.h.s.r.i.d.b.BasicResultAssembler - Extracted value [Position 0] - [74]
10:09:58.265 [Test worker] INFO  o.h.s.r.i.d.b.BasicResultAssembler - Extracted value [Position 3] - [test 2]
10:09:58.265 [Test worker] INFO  o.h.s.r.i.d.b.BasicResultAssembler - Extracted value [Position 1] - [footer 2]
10:09:58.265 [Test worker] INFO  o.h.s.r.i.d.b.BasicResultAssembler - Extracted value [Position 2] - [header 2]
10:09:58.265 [Test worker] INFO  o.h.s.r.i.RowReaderStandardImpl - ---Processing Row---
10:09:58.265 [Test worker] INFO  o.h.s.r.i.d.b.BasicResultAssembler - Extracted value [Position 0] - [75]
10:09:58.266 [Test worker] INFO  o.h.s.r.i.d.b.BasicResultAssembler - Extracted value [Position 3] - [test 3]
10:09:58.266 [Test worker] INFO  o.h.s.r.i.d.b.BasicResultAssembler - Extracted value [Position 1] - [footer 3]
10:09:58.266 [Test worker] INFO  o.h.s.r.i.d.b.BasicResultAssembler - Extracted value [Position 2] - [header 3]
10:09:58.267 [Test worker] INFO  o.h.s.r.i.RowReaderStandardImpl - ---Processing Row---
10:09:58.267 [Test worker] INFO  o.h.s.r.i.d.b.BasicResultAssembler - Extracted value [Position 0] - [76]
10:09:58.268 [Test worker] INFO  o.h.s.r.i.d.b.BasicResultAssembler - Extracted value [Position 3] - [test 4]
10:09:58.268 [Test worker] INFO  o.h.s.r.i.d.b.BasicResultAssembler - Extracted value [Position 1] - [footer 4]
10:09:58.268 [Test worker] INFO  o.h.s.r.i.d.b.BasicResultAssembler - Extracted value [Position 2] - [header 4]
10:09:58.268 [Test worker] INFO  o.h.s.r.i.RowReaderStandardImpl - ---Processing Row---
10:09:58.268 [Test worker] INFO  o.h.s.r.i.d.b.BasicResultAssembler - Extracted value [Position 0] - [78]
10:09:58.269 [Test worker] INFO  o.h.s.r.i.d.b.BasicResultAssembler - Extracted value [Position 3] - [test 1]
10:09:58.269 [Test worker] INFO  o.h.s.r.i.d.b.BasicResultAssembler - Extracted value [Position 1] - [footer 1]
10:09:58.269 [Test worker] INFO  o.h.s.r.i.d.b.BasicResultAssembler - Extracted value [Position 2] - [header 1]
10:09:58.269 [Test worker] INFO  o.h.s.r.i.RowReaderStandardImpl - ---Processing Row---
10:09:58.269 [Test worker] INFO  o.h.s.r.i.d.b.BasicResultAssembler - Extracted value [Position 0] - [79]
10:09:58.269 [Test worker] INFO  o.h.s.r.i.d.b.BasicResultAssembler - Extracted value [Position 3] - [group1]
10:09:58.269 [Test worker] INFO  o.h.s.r.i.d.b.BasicResultAssembler - Extracted value [Position 1] - [group3]
10:09:58.270 [Test worker] INFO  o.h.s.r.i.d.b.BasicResultAssembler - Extracted value [Position 2] - [group2]
10:09:58.270 [Test worker] INFO  o.h.s.r.i.RowReaderStandardImpl - ---Processing Row---
10:09:58.270 [Test worker] INFO  o.h.s.r.i.d.b.BasicResultAssembler - Extracted value [Position 0] - [80]
10:09:58.270 [Test worker] INFO  o.h.s.r.i.d.b.BasicResultAssembler - Extracted value [Position 3] - [test 3]
10:09:58.270 [Test worker] INFO  o.h.s.r.i.d.b.BasicResultAssembler - Extracted value [Position 1] - [footer 3]
10:09:58.270 [Test worker] INFO  o.h.s.r.i.d.b.BasicResultAssembler - Extracted value [Position 2] - [header 3]
10:09:58.271 [Test worker] INFO  o.h.s.r.i.RowReaderStandardImpl - ---Processing Row---
10:09:58.271 [Test worker] INFO  o.h.s.r.i.d.b.BasicResultAssembler - Extracted value [Position 0] - [81]
10:09:58.271 [Test worker] INFO  o.h.s.r.i.d.b.BasicResultAssembler - Extracted value [Position 3] - [group1]
10:09:58.271 [Test worker] INFO  o.h.s.r.i.d.b.BasicResultAssembler - Extracted value [Position 1] - [group3]
10:09:58.271 [Test worker] INFO  o.h.s.r.i.d.b.BasicResultAssembler - Extracted value [Position 2] - [group2]
10:09:58.271 [Test worker] INFO  o.h.s.r.i.RowReaderStandardImpl - ---Processing Row---
10:09:58.272 [Test worker] INFO  o.h.s.r.i.d.b.BasicResultAssembler - Extracted value [Position 0] - [82]
10:09:58.272 [Test worker] INFO  o.h.s.r.i.d.b.BasicResultAssembler - Extracted value [Position 3] - [test 0]
10:09:58.272 [Test worker] INFO  o.h.s.r.i.d.b.BasicResultAssembler - Extracted value [Position 1] - [footer 0]
10:09:58.272 [Test worker] INFO  o.h.s.r.i.d.b.BasicResultAssembler - Extracted value [Position 2] - [header 0]
10:09:58.273 [Test worker] INFO  o.h.s.r.i.RowReaderStandardImpl - ---Processing Row---
10:09:58.273 [Test worker] INFO  o.h.s.r.i.d.b.BasicResultAssembler - Extracted value [Position 0] - [83]
10:09:58.273 [Test worker] INFO  o.h.s.r.i.d.b.BasicResultAssembler - Extracted value [Position 3] - [group1]
10:09:58.273 [Test worker] INFO  o.h.s.r.i.d.b.BasicResultAssembler - Extracted value [Position 1] - [group3]
10:09:58.274 [Test worker] INFO  o.h.s.r.i.d.b.BasicResultAssembler - Extracted value [Position 2] - [group2]
10:09:58.274 [Test worker] INFO  o.h.s.r.i.RowReaderStandardImpl - ---Processing Row---
10:09:58.274 [Test worker] INFO  o.h.s.r.i.d.b.BasicResultAssembler - Extracted value [Position 0] - [84]
10:09:58.274 [Test worker] INFO  o.h.s.r.i.d.b.BasicResultAssembler - Extracted value [Position 3] - [test 2]
10:09:58.274 [Test worker] INFO  o.h.s.r.i.d.b.BasicResultAssembler - Extracted value [Position 1] - [footer 2]
10:09:58.275 [Test worker] INFO  o.h.s.r.i.d.b.BasicResultAssembler - Extracted value [Position 2] - [header 2]
10:09:58.276 [Test worker] INFO  o.h.s.r.i.RowReaderStandardImpl - ---Processing Row---
10:09:58.276 [Test worker] INFO  o.h.s.r.i.d.b.BasicResultAssembler - Extracted value [Position 0] - [86]
10:09:58.277 [Test worker] INFO  o.h.s.r.i.d.b.BasicResultAssembler - Extracted value [Position 3] - [test 4]
10:09:58.277 [Test worker] INFO  o.h.s.r.i.d.b.BasicResultAssembler - Extracted value [Position 1] - [footer 4]
10:09:58.277 [Test worker] INFO  o.h.s.r.i.d.b.BasicResultAssembler - Extracted value [Position 2] - [header 4]
10:09:58.277 [Test worker] INFO  o.h.s.r.i.RowReaderStandardImpl - ---Processing Row---
10:09:58.277 [Test worker] INFO  o.h.s.r.i.d.b.BasicResultAssembler - Extracted value [Position 0] - [87]
10:09:58.278 [Test worker] INFO  o.h.s.r.i.d.b.BasicResultAssembler - Extracted value [Position 3] - [test 0]
10:09:58.278 [Test worker] INFO  o.h.s.r.i.d.b.BasicResultAssembler - Extracted value [Position 1] - [footer 0]
10:09:58.278 [Test worker] INFO  o.h.s.r.i.d.b.BasicResultAssembler - Extracted value [Position 2] - [header 0]
10:09:58.279 [Test worker] INFO  o.h.s.r.i.RowReaderStandardImpl - ---Processing Row---
10:09:58.279 [Test worker] INFO  o.h.s.r.i.d.b.BasicResultAssembler - Extracted value [Position 0] - [88]
10:09:58.279 [Test worker] INFO  o.h.s.r.i.d.b.BasicResultAssembler - Extracted value [Position 3] - [test 1]
10:09:58.279 [Test worker] INFO  o.h.s.r.i.d.b.BasicResultAssembler - Extracted value [Position 1] - [footer 1]
10:09:58.279 [Test worker] INFO  o.h.s.r.i.d.b.BasicResultAssembler - Extracted value [Position 2] - [header 1]
10:09:58.279 [Test worker] INFO  o.h.s.r.i.RowReaderStandardImpl - ---Processing Row---
10:09:58.279 [Test worker] INFO  o.h.s.r.i.d.b.BasicResultAssembler - Extracted value [Position 0] - [89]
10:09:58.280 [Test worker] INFO  o.h.s.r.i.d.b.BasicResultAssembler - Extracted value [Position 3] - [test 2]
10:09:58.280 [Test worker] INFO  o.h.s.r.i.d.b.BasicResultAssembler - Extracted value [Position 1] - [footer 2]
10:09:58.280 [Test worker] INFO  o.h.s.r.i.d.b.BasicResultAssembler - Extracted value [Position 2] - [header 2]
10:09:58.280 [Test worker] INFO  o.h.s.r.i.RowReaderStandardImpl - ---Processing Row---
10:09:58.280 [Test worker] INFO  o.h.s.r.i.d.b.BasicResultAssembler - Extracted value [Position 0] - [90]
10:09:58.280 [Test worker] INFO  o.h.s.r.i.d.b.BasicResultAssembler - Extracted value [Position 3] - [test 3]
10:09:58.280 [Test worker] INFO  o.h.s.r.i.d.b.BasicResultAssembler - Extracted value [Position 1] - [footer 3]
10:09:58.280 [Test worker] INFO  o.h.s.r.i.d.b.BasicResultAssembler - Extracted value [Position 2] - [header 3]
10:09:58.280 [Test worker] INFO  o.h.s.r.i.RowReaderStandardImpl - ---Processing Row---
10:09:58.281 [Test worker] INFO  o.h.s.r.i.d.b.BasicResultAssembler - Extracted value [Position 0] - [91]
10:09:58.281 [Test worker] INFO  o.h.s.r.i.d.b.BasicResultAssembler - Extracted value [Position 3] - [test 4]
10:09:58.281 [Test worker] INFO  o.h.s.r.i.d.b.BasicResultAssembler - Extracted value [Position 1] - [footer 4]
10:09:58.281 [Test worker] INFO  o.h.s.r.i.d.b.BasicResultAssembler - Extracted value [Position 2] - [header 4]
10:09:58.281 [Test worker] INFO  o.h.s.r.i.RowReaderStandardImpl - ---Processing Row---
10:09:58.282 [Test worker] INFO  o.h.s.r.i.d.b.BasicResultAssembler - Extracted value [Position 0] - [92]
10:09:58.282 [Test worker] INFO  o.h.s.r.i.d.b.BasicResultAssembler - Extracted value [Position 3] - [test 0]
10:09:58.282 [Test worker] INFO  o.h.s.r.i.d.b.BasicResultAssembler - Extracted value [Position 1] - [footer 0]
10:09:58.282 [Test worker] INFO  o.h.s.r.i.d.b.BasicResultAssembler - Extracted value [Position 2] - [header 0]
10:09:58.282 [Test worker] INFO  o.h.s.r.i.RowReaderStandardImpl - ---Processing Row---
10:09:58.283 [Test worker] INFO  o.h.s.r.i.d.b.BasicResultAssembler - Extracted value [Position 0] - [93]
10:09:58.283 [Test worker] INFO  o.h.s.r.i.d.b.BasicResultAssembler - Extracted value [Position 3] - [test 1]
10:09:58.283 [Test worker] INFO  o.h.s.r.i.d.b.BasicResultAssembler - Extracted value [Position 1] - [footer 1]
10:09:58.283 [Test worker] INFO  o.h.s.r.i.d.b.BasicResultAssembler - Extracted value [Position 2] - [header 1]
10:09:58.283 [Test worker] INFO  o.h.s.r.i.RowReaderStandardImpl - ---Processing Row---
10:09:58.284 [Test worker] INFO  o.h.s.r.i.d.b.BasicResultAssembler - Extracted value [Position 0] - [94]
10:09:58.284 [Test worker] INFO  o.h.s.r.i.d.b.BasicResultAssembler - Extracted value [Position 3] - [test 2]
10:09:58.284 [Test worker] INFO  o.h.s.r.i.d.b.BasicResultAssembler - Extracted value [Position 1] - [footer 2]
10:09:58.284 [Test worker] INFO  o.h.s.r.i.d.b.BasicResultAssembler - Extracted value [Position 2] - [header 2]
10:09:58.284 [Test worker] INFO  o.h.s.r.i.RowReaderStandardImpl - ---Processing Row---
10:09:58.284 [Test worker] INFO  o.h.s.r.i.d.b.BasicResultAssembler - Extracted value [Position 0] - [95]
10:09:58.284 [Test worker] INFO  o.h.s.r.i.d.b.BasicResultAssembler - Extracted value [Position 3] - [test 3]
10:09:58.284 [Test worker] INFO  o.h.s.r.i.d.b.BasicResultAssembler - Extracted value [Position 1] - [footer 3]
10:09:58.284 [Test worker] INFO  o.h.s.r.i.d.b.BasicResultAssembler - Extracted value [Position 2] - [header 3]
10:09:58.285 [Test worker] INFO  o.h.s.r.i.RowReaderStandardImpl - ---Processing Row---
10:09:58.285 [Test worker] INFO  o.h.s.r.i.d.b.BasicResultAssembler - Extracted value [Position 0] - [96]
10:09:58.286 [Test worker] INFO  o.h.s.r.i.d.b.BasicResultAssembler - Extracted value [Position 3] - [test 4]
10:09:58.286 [Test worker] INFO  o.h.s.r.i.d.b.BasicResultAssembler - Extracted value [Position 1] - [footer 4]
10:09:58.286 [Test worker] INFO  o.h.s.r.i.d.b.BasicResultAssembler - Extracted value [Position 2] - [header 4]
10:09:58.286 [Test worker] INFO  o.h.s.r.i.RowReaderStandardImpl - ---Processing Row---
10:09:58.287 [Test worker] INFO  o.h.s.r.i.d.b.BasicResultAssembler - Extracted value [Position 0] - [97]
10:09:58.287 [Test worker] INFO  o.h.s.r.i.d.b.BasicResultAssembler - Extracted value [Position 3] - [test 0]
10:09:58.287 [Test worker] INFO  o.h.s.r.i.d.b.BasicResultAssembler - Extracted value [Position 1] - [footer 0]
10:09:58.287 [Test worker] INFO  o.h.s.r.i.d.b.BasicResultAssembler - Extracted value [Position 2] - [header 0]
10:09:58.288 [Test worker] INFO  o.h.s.r.i.RowReaderStandardImpl - ---Processing Row---
10:09:58.288 [Test worker] INFO  o.h.s.r.i.d.b.BasicResultAssembler - Extracted value [Position 0] - [98]
10:09:58.289 [Test worker] INFO  o.h.s.r.i.d.b.BasicResultAssembler - Extracted value [Position 3] - [test 1]
10:09:58.290 [Test worker] INFO  o.h.s.r.i.d.b.BasicResultAssembler - Extracted value [Position 1] - [footer 1]
10:09:58.293 [Test worker] INFO  o.h.s.r.i.d.b.BasicResultAssembler - Extracted value [Position 2] - [header 1]
10:09:58.294 [Test worker] INFO  o.h.s.r.i.RowReaderStandardImpl - ---Processing Row---
10:09:58.294 [Test worker] INFO  o.h.s.r.i.d.b.BasicResultAssembler - Extracted value [Position 0] - [99]
10:09:58.294 [Test worker] INFO  o.h.s.r.i.d.b.BasicResultAssembler - Extracted value [Position 3] - [test 2]
10:09:58.294 [Test worker] INFO  o.h.s.r.i.d.b.BasicResultAssembler - Extracted value [Position 1] - [footer 2]
10:09:58.294 [Test worker] INFO  o.h.s.r.i.d.b.BasicResultAssembler - Extracted value [Position 2] - [header 2]
10:09:58.294 [Test worker] INFO  o.h.s.r.i.RowReaderStandardImpl - ---Processing Row---
10:09:58.294 [Test worker] INFO  o.h.s.r.i.d.b.BasicResultAssembler - Extracted value [Position 0] - [100]
10:09:58.295 [Test worker] INFO  o.h.s.r.i.d.b.BasicResultAssembler - Extracted value [Position 3] - [test 3]
10:09:58.295 [Test worker] INFO  o.h.s.r.i.d.b.BasicResultAssembler - Extracted value [Position 1] - [footer 3]
10:09:58.295 [Test worker] INFO  o.h.s.r.i.d.b.BasicResultAssembler - Extracted value [Position 2] - [header 3]
10:09:58.295 [Test worker] INFO  o.h.s.r.i.RowReaderStandardImpl - ---Processing Row---
10:09:58.295 [Test worker] INFO  o.h.s.r.i.d.b.BasicResultAssembler - Extracted value [Position 0] - [101]
10:09:58.295 [Test worker] INFO  o.h.s.r.i.d.b.BasicResultAssembler - Extracted value [Position 3] - [test 4]
10:09:58.295 [Test worker] INFO  o.h.s.r.i.d.b.BasicResultAssembler - Extracted value [Position 1] - [footer 4]
10:09:58.295 [Test worker] INFO  o.h.s.r.i.d.b.BasicResultAssembler - Extracted value [Position 2] - [header 4]
10:09:58.296 [Test worker] INFO  o.h.s.r.i.RowReaderStandardImpl - ---Processing Row---
10:09:58.296 [Test worker] INFO  o.h.s.r.i.d.b.BasicResultAssembler - Extracted value [Position 0] - [102]
10:09:58.296 [Test worker] INFO  o.h.s.r.i.d.b.BasicResultAssembler - Extracted value [Position 3] - [group1]
10:09:58.296 [Test worker] INFO  o.h.s.r.i.d.b.BasicResultAssembler - Extracted value [Position 1] - [group3]
10:09:58.296 [Test worker] INFO  o.h.s.r.i.d.b.BasicResultAssembler - Extracted value [Position 2] - [group2]
10:09:58.296 [Test worker] INFO  o.h.s.r.i.RowReaderStandardImpl - ---Processing Row---
10:09:58.296 [Test worker] INFO  o.h.s.r.i.d.b.BasicResultAssembler - Extracted value [Position 0] - [103]
10:09:58.296 [Test worker] INFO  o.h.s.r.i.d.b.BasicResultAssembler - Extracted value [Position 3] - [test 1]
10:09:58.296 [Test worker] INFO  o.h.s.r.i.d.b.BasicResultAssembler - Extracted value [Position 1] - [footer 1]
10:09:58.297 [Test worker] INFO  o.h.s.r.i.d.b.BasicResultAssembler - Extracted value [Position 2] - [header 1]
10:09:58.297 [Test worker] INFO  o.h.s.r.i.RowReaderStandardImpl - ---Processing Row---
10:09:58.297 [Test worker] INFO  o.h.s.r.i.d.b.BasicResultAssembler - Extracted value [Position 0] - [104]
10:09:58.297 [Test worker] INFO  o.h.s.r.i.d.b.BasicResultAssembler - Extracted value [Position 3] - [test 2]
10:09:58.297 [Test worker] INFO  o.h.s.r.i.d.b.BasicResultAssembler - Extracted value [Position 1] - [footer 2]
10:09:58.297 [Test worker] INFO  o.h.s.r.i.d.b.BasicResultAssembler - Extracted value [Position 2] - [header 2]
10:09:58.297 [Test worker] INFO  o.h.s.r.i.RowReaderStandardImpl - ---Processing Row---
10:09:58.297 [Test worker] INFO  o.h.s.r.i.d.b.BasicResultAssembler - Extracted value [Position 0] - [105]
10:09:58.298 [Test worker] INFO  o.h.s.r.i.d.b.BasicResultAssembler - Extracted value [Position 3] - [test 3]
10:09:58.299 [Test worker] INFO  o.h.s.r.i.d.b.BasicResultAssembler - Extracted value [Position 1] - [footer 3]
10:09:58.299 [Test worker] INFO  o.h.s.r.i.d.b.BasicResultAssembler - Extracted value [Position 2] - [header 3]
10:09:58.299 [Test worker] INFO  o.h.s.r.i.RowReaderStandardImpl - ---Processing Row---
10:09:58.299 [Test worker] INFO  o.h.s.r.i.d.b.BasicResultAssembler - Extracted value [Position 0] - [107]
10:09:58.299 [Test worker] INFO  o.h.s.r.i.d.b.BasicResultAssembler - Extracted value [Position 3] - [test 0]
10:09:58.300 [Test worker] INFO  o.h.s.r.i.d.b.BasicResultAssembler - Extracted value [Position 1] - [footer 0]
10:09:58.300 [Test worker] INFO  o.h.s.r.i.d.b.BasicResultAssembler - Extracted value [Position 2] - [header 0]
10:09:58.300 [Test worker] INFO  o.h.s.r.i.RowReaderStandardImpl - ---Processing Row---
10:09:58.300 [Test worker] INFO  o.h.s.r.i.d.b.BasicResultAssembler - Extracted value [Position 0] - [108]
10:09:58.300 [Test worker] INFO  o.h.s.r.i.d.b.BasicResultAssembler - Extracted value [Position 3] - [test 1]
10:09:58.300 [Test worker] INFO  o.h.s.r.i.d.b.BasicResultAssembler - Extracted value [Position 1] - [footer 1]
10:09:58.300 [Test worker] INFO  o.h.s.r.i.d.b.BasicResultAssembler - Extracted value [Position 2] - [header 1]
10:09:58.301 [Test worker] INFO  o.h.s.r.i.RowReaderStandardImpl - ---Processing Row---
10:09:58.301 [Test worker] INFO  o.h.s.r.i.d.b.BasicResultAssembler - Extracted value [Position 0] - [109]
10:09:58.303 [Test worker] INFO  o.h.s.r.i.d.b.BasicResultAssembler - Extracted value [Position 3] - [test 2]
10:09:58.303 [Test worker] INFO  o.h.s.r.i.d.b.BasicResultAssembler - Extracted value [Position 1] - [footer 2]
10:09:58.303 [Test worker] INFO  o.h.s.r.i.d.b.BasicResultAssembler - Extracted value [Position 2] - [header 2]
10:09:58.311 [Test worker] INFO  o.h.s.r.i.RowReaderStandardImpl - ---Processing Row---
10:09:58.311 [Test worker] INFO  o.h.s.r.i.d.b.BasicResultAssembler - Extracted value [Position 0] - [110]
10:09:58.312 [Test worker] INFO  o.h.s.r.i.d.b.BasicResultAssembler - Extracted value [Position 3] - [test 3]
10:09:58.312 [Test worker] INFO  o.h.s.r.i.d.b.BasicResultAssembler - Extracted value [Position 1] - [footer 3]
10:09:58.312 [Test worker] INFO  o.h.s.r.i.d.b.BasicResultAssembler - Extracted value [Position 2] - [header 3]
10:09:58.312 [Test worker] INFO  o.h.s.r.i.RowReaderStandardImpl - ---Processing Row---
10:09:58.313 [Test worker] INFO  o.h.s.r.i.d.b.BasicResultAssembler - Extracted value [Position 0] - [111]
10:09:58.313 [Test worker] INFO  o.h.s.r.i.d.b.BasicResultAssembler - Extracted value [Position 3] - [test 4]
10:09:58.313 [Test worker] INFO  o.h.s.r.i.d.b.BasicResultAssembler - Extracted value [Position 1] - [footer 4]
10:09:58.320 [Test worker] INFO  o.h.s.r.i.d.b.BasicResultAssembler - Extracted value [Position 2] - [header 4]
10:09:58.321 [Test worker] INFO  o.h.s.r.i.RowReaderStandardImpl - ---Processing Row---
10:09:58.321 [Test worker] INFO  o.h.s.r.i.d.b.BasicResultAssembler - Extracted value [Position 0] - [112]
10:09:58.321 [Test worker] INFO  o.h.s.r.i.d.b.BasicResultAssembler - Extracted value [Position 3] - [test 0]
10:09:58.322 [Test worker] INFO  o.h.s.r.i.d.b.BasicResultAssembler - Extracted value [Position 1] - [footer 0]
10:09:58.322 [Test worker] INFO  o.h.s.r.i.d.b.BasicResultAssembler - Extracted value [Position 2] - [header 0]
10:09:58.322 [Test worker] INFO  o.h.s.r.i.RowReaderStandardImpl - ---Processing Row---
10:09:58.322 [Test worker] INFO  o.h.s.r.i.d.b.BasicResultAssembler - Extracted value [Position 0] - [113]
10:09:58.323 [Test worker] INFO  o.h.s.r.i.d.b.BasicResultAssembler - Extracted value [Position 3] - [test 1]
10:09:58.323 [Test worker] INFO  o.h.s.r.i.d.b.BasicResultAssembler - Extracted value [Position 1] - [footer 1]
10:09:58.323 [Test worker] INFO  o.h.s.r.i.d.b.BasicResultAssembler - Extracted value [Position 2] - [header 1]
10:09:58.323 [Test worker] INFO  o.h.s.r.i.RowReaderStandardImpl - ---Processing Row---
10:09:58.323 [Test worker] INFO  o.h.s.r.i.d.b.BasicResultAssembler - Extracted value [Position 0] - [114]
10:09:58.324 [Test worker] INFO  o.h.s.r.i.d.b.BasicResultAssembler - Extracted value [Position 3] - [test 2]
10:09:58.324 [Test worker] INFO  o.h.s.r.i.d.b.BasicResultAssembler - Extracted value [Position 1] - [footer 2]
10:09:58.324 [Test worker] INFO  o.h.s.r.i.d.b.BasicResultAssembler - Extracted value [Position 2] - [header 2]
10:09:58.325 [Test worker] INFO  o.h.s.r.i.RowReaderStandardImpl - ---Processing Row---
10:09:58.325 [Test worker] INFO  o.h.s.r.i.d.b.BasicResultAssembler - Extracted value [Position 0] - [115]
10:09:58.325 [Test worker] INFO  o.h.s.r.i.d.b.BasicResultAssembler - Extracted value [Position 3] - [test 3]
10:09:58.325 [Test worker] INFO  o.h.s.r.i.d.b.BasicResultAssembler - Extracted value [Position 1] - [footer 3]
10:09:58.326 [Test worker] INFO  o.h.s.r.i.d.b.BasicResultAssembler - Extracted value [Position 2] - [header 3]
10:09:58.326 [Test worker] INFO  o.h.s.r.i.RowReaderStandardImpl - ---Processing Row---
10:09:58.327 [Test worker] INFO  o.h.s.r.i.d.b.BasicResultAssembler - Extracted value [Position 0] - [116]
10:09:58.328 [Test worker] INFO  o.h.s.r.i.d.b.BasicResultAssembler - Extracted value [Position 3] - [test 4]
10:09:58.328 [Test worker] INFO  o.h.s.r.i.d.b.BasicResultAssembler - Extracted value [Position 1] - [footer 4]
10:09:58.328 [Test worker] INFO  o.h.s.r.i.d.b.BasicResultAssembler - Extracted value [Position 2] - [header 4]
10:09:58.329 [Test worker] INFO  o.h.s.r.i.RowReaderStandardImpl - ---Processing Row---
10:09:58.330 [Test worker] INFO  o.h.s.r.i.d.b.BasicResultAssembler - Extracted value [Position 0] - [117]
10:09:58.330 [Test worker] INFO  o.h.s.r.i.d.b.BasicResultAssembler - Extracted value [Position 3] - [test 0]
10:09:58.331 [Test worker] INFO  o.h.s.r.i.d.b.BasicResultAssembler - Extracted value [Position 1] - [footer 0]
10:09:58.332 [Test worker] INFO  o.h.s.r.i.d.b.BasicResultAssembler - Extracted value [Position 2] - [header 0]
10:09:58.332 [Test worker] INFO  o.h.s.r.i.RowReaderStandardImpl - ---Processing Row---
10:09:58.332 [Test worker] INFO  o.h.s.r.i.d.b.BasicResultAssembler - Extracted value [Position 0] - [118]
10:09:58.333 [Test worker] INFO  o.h.s.r.i.d.b.BasicResultAssembler - Extracted value [Position 3] - [test 1]
10:09:58.334 [Test worker] INFO  o.h.s.r.i.d.b.BasicResultAssembler - Extracted value [Position 1] - [footer 1]
10:09:58.336 [Test worker] INFO  o.h.s.r.i.d.b.BasicResultAssembler - Extracted value [Position 2] - [header 1]
10:09:58.337 [Test worker] INFO  o.h.s.r.i.RowReaderStandardImpl - ---Processing Row---
10:09:58.337 [Test worker] INFO  o.h.s.r.i.d.b.BasicResultAssembler - Extracted value [Position 0] - [119]
10:09:58.337 [Test worker] INFO  o.h.s.r.i.d.b.BasicResultAssembler - Extracted value [Position 3] - [test 2]
10:09:58.338 [Test worker] INFO  o.h.s.r.i.d.b.BasicResultAssembler - Extracted value [Position 1] - [footer 2]
10:09:58.338 [Test worker] INFO  o.h.s.r.i.d.b.BasicResultAssembler - Extracted value [Position 2] - [header 2]
10:09:58.338 [Test worker] INFO  o.h.s.r.i.RowReaderStandardImpl - ---Processing Row---
10:09:58.338 [Test worker] INFO  o.h.s.r.i.d.b.BasicResultAssembler - Extracted value [Position 0] - [120]
10:09:58.341 [Test worker] INFO  o.h.s.r.i.d.b.BasicResultAssembler - Extracted value [Position 3] - [test 3]
10:09:58.341 [Test worker] INFO  o.h.s.r.i.d.b.BasicResultAssembler - Extracted value [Position 1] - [footer 3]
10:09:58.341 [Test worker] INFO  o.h.s.r.i.d.b.BasicResultAssembler - Extracted value [Position 2] - [header 3]
10:09:58.341 [Test worker] INFO  o.h.s.r.i.RowReaderStandardImpl - ---Processing Row---
10:09:58.341 [Test worker] INFO  o.h.s.r.i.d.b.BasicResultAssembler - Extracted value [Position 0] - [121]
10:09:58.342 [Test worker] INFO  o.h.s.r.i.d.b.BasicResultAssembler - Extracted value [Position 3] - [test 4]
10:09:58.343 [Test worker] INFO  o.h.s.r.i.d.b.BasicResultAssembler - Extracted value [Position 1] - [footer 4]
10:09:58.344 [Test worker] INFO  o.h.s.r.i.d.b.BasicResultAssembler - Extracted value [Position 2] - [header 4]
10:09:58.344 [Test worker] INFO  o.h.s.r.i.RowReaderStandardImpl - ---Processing Row---
10:09:58.344 [Test worker] INFO  o.h.s.r.i.d.b.BasicResultAssembler - Extracted value [Position 0] - [122]
10:09:58.346 [Test worker] INFO  o.h.s.r.i.d.b.BasicResultAssembler - Extracted value [Position 3] - [test 0]
10:09:58.346 [Test worker] INFO  o.h.s.r.i.d.b.BasicResultAssembler - Extracted value [Position 1] - [footer 0]
10:09:58.346 [Test worker] INFO  o.h.s.r.i.d.b.BasicResultAssembler - Extracted value [Position 2] - [header 0]
10:09:58.347 [Test worker] INFO  o.h.s.r.i.RowReaderStandardImpl - ---Processing Row---
10:09:58.347 [Test worker] INFO  o.h.s.r.i.d.b.BasicResultAssembler - Extracted value [Position 0] - [123]
10:09:58.347 [Test worker] INFO  o.h.s.r.i.d.b.BasicResultAssembler - Extracted value [Position 3] - [test 1]
10:09:58.348 [Test worker] INFO  o.h.s.r.i.d.b.BasicResultAssembler - Extracted value [Position 1] - [footer 1]
10:09:58.348 [Test worker] INFO  o.h.s.r.i.d.b.BasicResultAssembler - Extracted value [Position 2] - [header 1]
10:09:58.348 [Test worker] INFO  o.h.s.r.i.RowReaderStandardImpl - ---Processing Row---
10:09:58.348 [Test worker] INFO  o.h.s.r.i.d.b.BasicResultAssembler - Extracted value [Position 0] - [124]
10:09:58.349 [Test worker] INFO  o.h.s.r.i.d.b.BasicResultAssembler - Extracted value [Position 3] - [test 2]
10:09:58.349 [Test worker] INFO  o.h.s.r.i.d.b.BasicResultAssembler - Extracted value [Position 1] - [footer 2]
10:09:58.349 [Test worker] INFO  o.h.s.r.i.d.b.BasicResultAssembler - Extracted value [Position 2] - [header 2]
10:09:58.350 [Test worker] INFO  o.h.s.r.i.RowReaderStandardImpl - ---Processing Row---
10:09:58.350 [Test worker] INFO  o.h.s.r.i.d.b.BasicResultAssembler - Extracted value [Position 0] - [125]
10:09:58.350 [Test worker] INFO  o.h.s.r.i.d.b.BasicResultAssembler - Extracted value [Position 3] - [test 3]
10:09:58.350 [Test worker] INFO  o.h.s.r.i.d.b.BasicResultAssembler - Extracted value [Position 1] - [footer 3]
10:09:58.351 [Test worker] INFO  o.h.s.r.i.d.b.BasicResultAssembler - Extracted value [Position 2] - [header 3]
10:09:58.351 [Test worker] INFO  o.h.s.r.i.RowReaderStandardImpl - ---Processing Row---
10:09:58.351 [Test worker] INFO  o.h.s.r.i.d.b.BasicResultAssembler - Extracted value [Position 0] - [126]
10:09:58.352 [Test worker] INFO  o.h.s.r.i.d.b.BasicResultAssembler - Extracted value [Position 3] - [test 4]
10:09:58.352 [Test worker] INFO  o.h.s.r.i.d.b.BasicResultAssembler - Extracted value [Position 1] - [footer 4]
10:09:58.352 [Test worker] INFO  o.h.s.r.i.d.b.BasicResultAssembler - Extracted value [Position 2] - [header 4]
10:09:58.352 [Test worker] INFO  o.h.s.r.i.RowReaderStandardImpl - ---Processing Row---
10:09:58.352 [Test worker] INFO  o.h.s.r.i.d.b.BasicResultAssembler - Extracted value [Position 0] - [127]
10:09:58.353 [Test worker] INFO  o.h.s.r.i.d.b.BasicResultAssembler - Extracted value [Position 3] - [test 0]
10:09:58.353 [Test worker] INFO  o.h.s.r.i.d.b.BasicResultAssembler - Extracted value [Position 1] - [footer 0]
10:09:58.353 [Test worker] INFO  o.h.s.r.i.d.b.BasicResultAssembler - Extracted value [Position 2] - [header 0]
10:09:58.353 [Test worker] INFO  o.h.s.r.i.RowReaderStandardImpl - ---Processing Row---
10:09:58.354 [Test worker] INFO  o.h.s.r.i.d.b.BasicResultAssembler - Extracted value [Position 0] - [128]
10:09:58.355 [Test worker] INFO  o.h.s.r.i.d.b.BasicResultAssembler - Extracted value [Position 3] - [test 1]
10:09:58.355 [Test worker] INFO  o.h.s.r.i.d.b.BasicResultAssembler - Extracted value [Position 1] - [footer 1]
10:09:58.355 [Test worker] INFO  o.h.s.r.i.d.b.BasicResultAssembler - Extracted value [Position 2] - [header 1]
10:09:58.356 [Test worker] INFO  o.h.s.r.i.RowReaderStandardImpl - ---Processing Row---
10:09:58.356 [Test worker] INFO  o.h.s.r.i.d.b.BasicResultAssembler - Extracted value [Position 0] - [129]
10:09:58.356 [Test worker] INFO  o.h.s.r.i.d.b.BasicResultAssembler - Extracted value [Position 3] - [test 2]
10:09:58.356 [Test worker] INFO  o.h.s.r.i.d.b.BasicResultAssembler - Extracted value [Position 1] - [footer 2]
10:09:58.356 [Test worker] INFO  o.h.s.r.i.d.b.BasicResultAssembler - Extracted value [Position 2] - [header 2]
10:09:58.356 [Test worker] INFO  o.h.s.r.i.RowReaderStandardImpl - ---Processing Row---
10:09:58.356 [Test worker] INFO  o.h.s.r.i.d.b.BasicResultAssembler - Extracted value [Position 0] - [130]
10:09:58.357 [Test worker] INFO  o.h.s.r.i.d.b.BasicResultAssembler - Extracted value [Position 3] - [test 3]
10:09:58.357 [Test worker] INFO  o.h.s.r.i.d.b.BasicResultAssembler - Extracted value [Position 1] - [footer 3]
10:09:58.357 [Test worker] INFO  o.h.s.r.i.d.b.BasicResultAssembler - Extracted value [Position 2] - [header 3]
10:09:58.357 [Test worker] INFO  o.h.s.r.i.RowReaderStandardImpl - ---Processing Row---
10:09:58.357 [Test worker] INFO  o.h.s.r.i.d.b.BasicResultAssembler - Extracted value [Position 0] - [131]
10:09:58.358 [Test worker] INFO  o.h.s.r.i.d.b.BasicResultAssembler - Extracted value [Position 3] - [test 4]
10:09:58.358 [Test worker] INFO  o.h.s.r.i.d.b.BasicResultAssembler - Extracted value [Position 1] - [footer 4]
10:09:58.358 [Test worker] INFO  o.h.s.r.i.d.b.BasicResultAssembler - Extracted value [Position 2] - [header 4]
10:09:58.359 [Test worker] INFO  o.h.s.r.i.RowReaderStandardImpl - ---Processing Row---
10:09:58.360 [Test worker] INFO  o.h.s.r.i.d.b.BasicResultAssembler - Extracted value [Position 0] - [132]
10:09:58.360 [Test worker] INFO  o.h.s.r.i.d.b.BasicResultAssembler - Extracted value [Position 3] - [test 0]
10:09:58.360 [Test worker] INFO  o.h.s.r.i.d.b.BasicResultAssembler - Extracted value [Position 1] - [footer 0]
10:09:58.360 [Test worker] INFO  o.h.s.r.i.d.b.BasicResultAssembler - Extracted value [Position 2] - [header 0]
10:09:58.362 [Test worker] INFO  o.h.s.r.i.RowReaderStandardImpl - ---Processing Row---
10:09:58.362 [Test worker] INFO  o.h.s.r.i.d.b.BasicResultAssembler - Extracted value [Position 0] - [133]
10:09:58.363 [Test worker] INFO  o.h.s.r.i.d.b.BasicResultAssembler - Extracted value [Position 3] - [test 1]
10:09:58.363 [Test worker] INFO  o.h.s.r.i.d.b.BasicResultAssembler - Extracted value [Position 1] - [footer 1]
10:09:58.363 [Test worker] INFO  o.h.s.r.i.d.b.BasicResultAssembler - Extracted value [Position 2] - [header 1]
10:09:58.364 [Test worker] INFO  o.h.s.r.i.RowReaderStandardImpl - ---Processing Row---
10:09:58.364 [Test worker] INFO  o.h.s.r.i.d.b.BasicResultAssembler - Extracted value [Position 0] - [134]
10:09:58.364 [Test worker] INFO  o.h.s.r.i.d.b.BasicResultAssembler - Extracted value [Position 3] - [test 2]
10:09:58.364 [Test worker] INFO  o.h.s.r.i.d.b.BasicResultAssembler - Extracted value [Position 1] - [footer 2]
10:09:58.364 [Test worker] INFO  o.h.s.r.i.d.b.BasicResultAssembler - Extracted value [Position 2] - [header 2]
10:09:58.365 [Test worker] INFO  o.h.s.r.i.RowReaderStandardImpl - ---Processing Row---
10:09:58.365 [Test worker] INFO  o.h.s.r.i.d.b.BasicResultAssembler - Extracted value [Position 0] - [135]
10:09:58.368 [Test worker] INFO  o.h.s.r.i.d.b.BasicResultAssembler - Extracted value [Position 3] - [test 3]
10:09:58.368 [Test worker] INFO  o.h.s.r.i.d.b.BasicResultAssembler - Extracted value [Position 1] - [footer 3]
10:09:58.368 [Test worker] INFO  o.h.s.r.i.d.b.BasicResultAssembler - Extracted value [Position 2] - [header 3]
10:09:58.370 [Test worker] INFO  o.h.s.r.i.RowReaderStandardImpl - ---Processing Row---
10:09:58.370 [Test worker] INFO  o.h.s.r.i.d.b.BasicResultAssembler - Extracted value [Position 0] - [136]
10:09:58.370 [Test worker] INFO  o.h.s.r.i.d.b.BasicResultAssembler - Extracted value [Position 3] - [test 4]
10:09:58.371 [Test worker] INFO  o.h.s.r.i.d.b.BasicResultAssembler - Extracted value [Position 1] - [footer 4]
10:09:58.371 [Test worker] INFO  o.h.s.r.i.d.b.BasicResultAssembler - Extracted value [Position 2] - [header 4]
10:09:58.373 [Test worker] INFO  o.h.s.r.i.RowReaderStandardImpl - ---Processing Row---
10:09:58.373 [Test worker] INFO  o.h.s.r.i.d.b.BasicResultAssembler - Extracted value [Position 0] - [137]
10:09:58.375 [Test worker] INFO  o.h.s.r.i.d.b.BasicResultAssembler - Extracted value [Position 3] - [test 0]
10:09:58.376 [Test worker] INFO  o.h.s.r.i.d.b.BasicResultAssembler - Extracted value [Position 1] - [footer 0]
10:09:58.376 [Test worker] INFO  o.h.s.r.i.d.b.BasicResultAssembler - Extracted value [Position 2] - [header 0]
10:09:58.376 [Test worker] INFO  o.h.s.r.i.RowReaderStandardImpl - ---Processing Row---
10:09:58.377 [Test worker] INFO  o.h.s.r.i.d.b.BasicResultAssembler - Extracted value [Position 0] - [138]
10:09:58.377 [Test worker] INFO  o.h.s.r.i.d.b.BasicResultAssembler - Extracted value [Position 3] - [test 1]
10:09:58.378 [Test worker] INFO  o.h.s.r.i.d.b.BasicResultAssembler - Extracted value [Position 1] - [footer 1]
10:09:58.378 [Test worker] INFO  o.h.s.r.i.d.b.BasicResultAssembler - Extracted value [Position 2] - [header 1]
10:09:58.378 [Test worker] INFO  o.h.s.r.i.RowReaderStandardImpl - ---Processing Row---
10:09:58.378 [Test worker] INFO  o.h.s.r.i.d.b.BasicResultAssembler - Extracted value [Position 0] - [139]
10:09:58.379 [Test worker] INFO  o.h.s.r.i.d.b.BasicResultAssembler - Extracted value [Position 3] - [test 2]
10:09:58.379 [Test worker] INFO  o.h.s.r.i.d.b.BasicResultAssembler - Extracted value [Position 1] - [footer 2]
10:09:58.379 [Test worker] INFO  o.h.s.r.i.d.b.BasicResultAssembler - Extracted value [Position 2] - [header 2]
10:09:58.379 [Test worker] INFO  o.h.s.r.i.RowReaderStandardImpl - ---Processing Row---
10:09:58.379 [Test worker] INFO  o.h.s.r.i.d.b.BasicResultAssembler - Extracted value [Position 0] - [140]
10:09:58.380 [Test worker] INFO  o.h.s.r.i.d.b.BasicResultAssembler - Extracted value [Position 3] - [test 3]
10:09:58.380 [Test worker] INFO  o.h.s.r.i.d.b.BasicResultAssembler - Extracted value [Position 1] - [footer 3]
10:09:58.380 [Test worker] INFO  o.h.s.r.i.d.b.BasicResultAssembler - Extracted value [Position 2] - [header 3]
10:09:58.380 [Test worker] INFO  o.h.s.r.i.RowReaderStandardImpl - ---Processing Row---
10:09:58.380 [Test worker] INFO  o.h.s.r.i.d.b.BasicResultAssembler - Extracted value [Position 0] - [141]
10:09:58.381 [Test worker] INFO  o.h.s.r.i.d.b.BasicResultAssembler - Extracted value [Position 3] - [test 4]
10:09:58.381 [Test worker] INFO  o.h.s.r.i.d.b.BasicResultAssembler - Extracted value [Position 1] - [footer 4]
10:09:58.381 [Test worker] INFO  o.h.s.r.i.d.b.BasicResultAssembler - Extracted value [Position 2] - [header 4]
10:09:58.381 [Test worker] INFO  o.h.s.r.i.RowReaderStandardImpl - ---Processing Row---
10:09:58.386 [Test worker] INFO  o.h.s.r.i.d.b.BasicResultAssembler - Extracted value [Position 0] - [142]
10:09:58.386 [Test worker] INFO  o.h.s.r.i.d.b.BasicResultAssembler - Extracted value [Position 3] - [test 0]
10:09:58.386 [Test worker] INFO  o.h.s.r.i.d.b.BasicResultAssembler - Extracted value [Position 1] - [footer 0]
10:09:58.386 [Test worker] INFO  o.h.s.r.i.d.b.BasicResultAssembler - Extracted value [Position 2] - [header 0]
10:09:58.387 [Test worker] INFO  o.h.s.r.i.RowReaderStandardImpl - ---Processing Row---
10:09:58.387 [Test worker] INFO  o.h.s.r.i.d.b.BasicResultAssembler - Extracted value [Position 0] - [143]
10:09:58.387 [Test worker] INFO  o.h.s.r.i.d.b.BasicResultAssembler - Extracted value [Position 3] - [test 1]
10:09:58.387 [Test worker] INFO  o.h.s.r.i.d.b.BasicResultAssembler - Extracted value [Position 1] - [footer 1]
10:09:58.387 [Test worker] INFO  o.h.s.r.i.d.b.BasicResultAssembler - Extracted value [Position 2] - [header 1]
10:09:58.387 [Test worker] INFO  o.h.s.r.i.RowReaderStandardImpl - ---Processing Row---
10:09:58.387 [Test worker] INFO  o.h.s.r.i.d.b.BasicResultAssembler - Extracted value [Position 0] - [144]
10:09:58.388 [Test worker] INFO  o.h.s.r.i.d.b.BasicResultAssembler - Extracted value [Position 3] - [test 2]
10:09:58.388 [Test worker] INFO  o.h.s.r.i.d.b.BasicResultAssembler - Extracted value [Position 1] - [footer 2]
10:09:58.388 [Test worker] INFO  o.h.s.r.i.d.b.BasicResultAssembler - Extracted value [Position 2] - [header 2]
10:09:58.388 [Test worker] INFO  o.h.s.r.i.RowReaderStandardImpl - ---Processing Row---
10:09:58.388 [Test worker] INFO  o.h.s.r.i.d.b.BasicResultAssembler - Extracted value [Position 0] - [145]
10:09:58.388 [Test worker] INFO  o.h.s.r.i.d.b.BasicResultAssembler - Extracted value [Position 3] - [test 3]
10:09:58.388 [Test worker] INFO  o.h.s.r.i.d.b.BasicResultAssembler - Extracted value [Position 1] - [footer 3]
10:09:58.388 [Test worker] INFO  o.h.s.r.i.d.b.BasicResultAssembler - Extracted value [Position 2] - [header 3]
10:09:58.389 [Test worker] INFO  o.h.s.r.i.RowReaderStandardImpl - ---Processing Row---
10:09:58.389 [Test worker] INFO  o.h.s.r.i.d.b.BasicResultAssembler - Extracted value [Position 0] - [146]
10:09:58.389 [Test worker] INFO  o.h.s.r.i.d.b.BasicResultAssembler - Extracted value [Position 3] - [test 4]
10:09:58.389 [Test worker] INFO  o.h.s.r.i.d.b.BasicResultAssembler - Extracted value [Position 1] - [footer 4]
10:09:58.389 [Test worker] INFO  o.h.s.r.i.d.b.BasicResultAssembler - Extracted value [Position 2] - [header 4]
GroupData{id='47', name='group1'}
GroupData{id='48', name='group1'}
GroupData{id='49', name='group1'}
GroupData{id='50', name='group3'}
GroupData{id='51', name='group3'}
GroupData{id='52', name='group3'}
GroupData{id='53', name='group3'}
GroupData{id='60', name='group1'}
GroupData{id='62', name='group3'}
GroupData{id='64', name='group2'}
GroupData{id='65', name='group1'}
GroupData{id='66', name='test 0'}
GroupData{id='67', name='test 1'}
GroupData{id='68', name='test 2'}
GroupData{id='69', name='test 3'}
GroupData{id='70', name='test 4'}
GroupData{id='71', name='test 5'}
GroupData{id='72', name='test 0'}
GroupData{id='73', name='group1'}
GroupData{id='74', name='test 2'}
GroupData{id='75', name='test 3'}
GroupData{id='76', name='test 4'}
GroupData{id='78', name='test 1'}
GroupData{id='79', name='group1'}
GroupData{id='80', name='test 3'}
GroupData{id='81', name='group1'}
GroupData{id='82', name='test 0'}
GroupData{id='83', name='group1'}
GroupData{id='84', name='test 2'}
GroupData{id='86', name='test 4'}
GroupData{id='87', name='test 0'}
GroupData{id='88', name='test 1'}
GroupData{id='89', name='test 2'}
GroupData{id='90', name='test 3'}
GroupData{id='91', name='test 4'}
GroupData{id='92', name='test 0'}
GroupData{id='93', name='test 1'}
GroupData{id='94', name='test 2'}
GroupData{id='95', name='test 3'}
GroupData{id='96', name='test 4'}
GroupData{id='97', name='test 0'}
GroupData{id='98', name='test 1'}
GroupData{id='99', name='test 2'}
GroupData{id='100', name='test 3'}
GroupData{id='101', name='test 4'}
GroupData{id='102', name='group1'}
GroupData{id='103', name='test 1'}
GroupData{id='104', name='test 2'}
GroupData{id='105', name='test 3'}
GroupData{id='107', name='test 0'}
GroupData{id='108', name='test 1'}
GroupData{id='109', name='test 2'}
GroupData{id='110', name='test 3'}
GroupData{id='111', name='test 4'}
GroupData{id='112', name='test 0'}
GroupData{id='113', name='test 1'}
GroupData{id='114', name='test 2'}
GroupData{id='115', name='test 3'}
GroupData{id='116', name='test 4'}
GroupData{id='117', name='test 0'}
GroupData{id='118', name='test 1'}
GroupData{id='119', name='test 2'}
GroupData{id='120', name='test 3'}
GroupData{id='121', name='test 4'}
GroupData{id='122', name='test 0'}
GroupData{id='123', name='test 1'}
GroupData{id='124', name='test 2'}
GroupData{id='125', name='test 3'}
GroupData{id='126', name='test 4'}
GroupData{id='127', name='test 0'}
GroupData{id='128', name='test 1'}
GroupData{id='129', name='test 2'}
GroupData{id='130', name='test 3'}
GroupData{id='131', name='test 4'}
GroupData{id='132', name='test 0'}
GroupData{id='133', name='test 1'}
GroupData{id='134', name='test 2'}
GroupData{id='135', name='test 3'}
GroupData{id='136', name='test 4'}
GroupData{id='137', name='test 0'}
GroupData{id='138', name='test 1'}
GroupData{id='139', name='test 2'}
GroupData{id='140', name='test 3'}
GroupData{id='141', name='test 4'}
GroupData{id='142', name='test 0'}
GroupData{id='143', name='test 1'}
GroupData{id='144', name='test 2'}
GroupData{id='145', name='test 3'}
GroupData{id='146', name='test 4'}
]]></system-out>
  <system-err><![CDATA[]]></system-err>
</testsuite>
