<?xml version="1.0" encoding="UTF-8"?>
<testsuite name="ru.stq.java.addressbook.tests.GroupDeletionTest" tests="1" skipped="0" failures="0" errors="0" timestamp="2019-10-07T06:17:36" hostname="DESKTOP-OPO1NB3" time="0.784">
  <properties/>
  <testcase name="testGroupDeletion" classname="ru.stq.java.addressbook.tests.GroupDeletionTest" time="0.784"/>
  <system-out><![CDATA[]]></system-out>
  <system-err><![CDATA[]]></system-err>
</testsuite>
