<?xml version="1.0" encoding="UTF-8"?>
<testsuite name="ru.stq.java.addressbook.ContactCreationTest" tests="1" skipped="0" failures="0" errors="0" timestamp="2019-09-14T18:07:14" hostname="DESKTOP-OPO1NB3" time="2.857">
  <properties/>
  <testcase name="testContactCreation" classname="ru.stq.java.addressbook.ContactCreationTest" time="2.857"/>
  <system-out><![CDATA[]]></system-out>
  <system-err><![CDATA[1568484431215	mozrunner::runner	INFO	Running command: "C:\\Program Files (x86)\\Mozilla Firefox\\firefox.exe" "-marionette" "-foreground" "-no-remote" "-profile" "C:\\Users\\alexo\\AppData\\Local\\Temp\\rust_mozprofilezRnS5r"
1568484431673	addons.webextension.screenshots@mozilla.org	WARN	Loading extension 'screenshots@mozilla.org': Reading manifest: Invalid extension permission: mozillaAddons
1568484431674	addons.webextension.screenshots@mozilla.org	WARN	Loading extension 'screenshots@mozilla.org': Reading manifest: Invalid extension permission: telemetry
1568484431674	addons.webextension.screenshots@mozilla.org	WARN	Loading extension 'screenshots@mozilla.org': Reading manifest: Invalid extension permission: resource://pdf.js/
1568484431674	addons.webextension.screenshots@mozilla.org	WARN	Loading extension 'screenshots@mozilla.org': Reading manifest: Invalid extension permission: about:reader*
JavaScript error: resource://gre/modules/XULStore.jsm, line 66: Error: Can't find profile directory.
WARN: compileToBinary(259): 
C:\fakepath(337,18-133): warning X3571: pow(f, e) will not work for negative f, use abs(f) or conditionally handle negative values if you expect them
C:\fakepath(343,62-116): warning X3571: pow(f, e) will not work for negative f, use abs(f) or conditionally handle negative values if you expect them
C:\fakepath(366,75-84): warning X3556: integer divides may be much slower, try using uints if possible.
C:\fakepath(369,50-59): warning X3556: integer modulus may be much slower, try using uints if possible.
C:\fakepath(385,33-90): warning X3571: pow(f, e) will not work for negative f, use abs(f) or conditionally handle negative values if you expect them
C:\fakepath(174,1-6): warning X4000: use of potentially uninitialized variable (dyn_index_vec4_float4)
C:\fakepath(289,25-29): error X4576: Input array signature parameter SV_Position cannot be indexed dynamically.

WARN: compileToBinary(259): 
C:\fakepath(337,18-133): warning X3571: pow(f, e) will not work for negative f, use abs(f) or conditionally handle negative values if you expect them
C:\fakepath(343,62-116): warning X3571: pow(f, e) will not work for negative f, use abs(f) or conditionally handle negative values if you expect them
C:\fakepath(366,75-84): warning X3556: integer divides may be much slower, try using uints if possible.
C:\fakepath(369,50-59): warning X3556: integer modulus may be much slower, try using uints if possible.
C:\fakepath(385,33-90): warning X3571: pow(f, e) will not work for negative f, use abs(f) or conditionally handle negative values if you expect them
C:\fakepath(174,1-6): warning X4000: use of potentially uninitialized variable (dyn_index_vec4_float4)
C:\fakepath(289,25-29): error X4576: Input array signature parameter SV_Position cannot be indexed dynamically.

WARN: compileToBinary(259): 
C:\fakepath(366,75-84): warning X3556: integer divides may be much slower, try using uints if possible.
C:\fakepath(369,50-59): warning X3556: integer modulus may be much slower, try using uints if possible.
C:\fakepath(174,1-6): warning X4000: use of potentially uninitialized variable (dyn_index_vec4_float4)
C:\fakepath(225,1): warning X4000: use of potentially uninitialized variable (f_distance_aa)
C:\fakepath(262,1): warning X4000: use of potentially uninitialized variable (f_do_clip)

[Child 3148, Chrome_ChildThread] WARNING: pipe error: 109: file z:/task_1566861941/build/src/ipc/chromium/src/chrome/common/ipc_channel_win.cc, line 341
1568484434534	Marionette	INFO	Listening on port 49491
1568484434858	Marionette	WARN	TLS certificate errors will be ignored for this session
сент. 14, 2019 11:07:14 PM org.openqa.selenium.remote.ProtocolHandshake createSession
INFO: Detected dialect: W3C
]]></system-err>
</testsuite>
