<?xml version="1.0" encoding="UTF-8"?>
<testsuite name="ru.stq.java.addressbook.tests.ContactModificationTest" tests="1" skipped="0" failures="1" errors="0" timestamp="2019-10-13T10:21:28" hostname="DESKTOP-OPO1NB3" time="5.168">
  <properties/>
  <testcase name="testContactModification" classname="ru.stq.java.addressbook.tests.ContactModificationTest" time="5.168">
    <failure message="java.lang.AssertionError: &#13;&#10;Expected: &lt;[ContactsData{id=137, firstName='Anastasia 1', lastName='Galimzyanova 1'}, ContactsData{id=120, firstName='nastya', lastName='Ovchinnickova'}, ContactsData{id=119, firstName='nastya', lastName='Ovchinnickova'}, ContactsData{id=144, firstName='Anastasia 3', lastName='Galimzyanova 3'}, ContactsData{id=123, firstName='nastya', lastName='Ovchinnickova'}, ContactsData{id=126, firstName='Anastasia 0', lastName='Galimzyanova 0'}, ContactsData{id=135, firstName='Anastasia 4', lastName='Galimzyanova 4'}, ContactsData{id=124, firstName='nastya2', lastName='Ovchinnickova2'}, ContactsData{id=133, firstName='Anastasia 2', lastName='Galimzyanova 2'}, ContactsData{id=130, firstName='Anastasia 4', lastName='Galimzyanova 4'}, ContactsData{id=131, firstName='Anastasia 0', lastName='Galimzyanova 0'}, ContactsData{id=128, firstName='Anastasia 2', lastName='Galimzyanova 2'}, ContactsData{id=139, firstName='nastya', lastName='Ovchinnickova'}, ContactsData{id=143, firstName='Anastasia 2', lastName='Galimzyanova 2'}, ContactsData{id=140, firstName='Anastasia 4', lastName='Galimzyanova 4'}, ContactsData{id=141, firstName='Anastasia 0', lastName='Galimzyanova 0'}, ContactsData{id=138, firstName='Anastasia 2', lastName='Galimzyanova 2'}, ContactsData{id=136, firstName='Anastasia 0', lastName='Galimzyanova 0'}, ContactsData{id=122, firstName='nastya3', lastName='Ovchinnickova3'}, ContactsData{id=145, firstName='Anastasia 4', lastName='Galimzyanova 4'}, ContactsData{id=127, firstName='Anastasia 1', lastName='Galimzyanova 1'}, ContactsData{id=118, firstName='nastya', lastName='Ovchinnickova'}, ContactsData{id=134, firstName='Anastasia 3', lastName='Galimzyanova 3'}, ContactsData{id=132, firstName='Anastasia 1', lastName='Galimzyanova 1'}, ContactsData{id=125, firstName='nastya3', lastName='Ovchinnickova3'}, ContactsData{id=129, firstName='Anastasia 3', lastName='Galimzyanova 3'}]&gt;&#13;&#10;     but: was &lt;[ContactsData{id=120, firstName='nastya', lastName='Ovchinnickova'}, ContactsData{id=119, firstName='nastya', lastName='Ovchinnickova'}, ContactsData{id=144, firstName='Anastasia 3', lastName='Galimzyanova 3'}, ContactsData{id=123, firstName='nastya', lastName='Ovchinnickova'}, ContactsData{id=126, firstName='Anastasia 0', lastName='Galimzyanova 0'}, ContactsData{id=135, firstName='Anastasia 4', lastName='Galimzyanova 4'}, ContactsData{id=137, firstName='nastya', lastName='Ovchinnickova'}, ContactsData{id=124, firstName='nastya2', lastName='Ovchinnickova2'}, ContactsData{id=133, firstName='Anastasia 2', lastName='Galimzyanova 2'}, ContactsData{id=130, firstName='Anastasia 4', lastName='Galimzyanova 4'}, ContactsData{id=131, firstName='Anastasia 0', lastName='Galimzyanova 0'}, ContactsData{id=128, firstName='Anastasia 2', lastName='Galimzyanova 2'}, ContactsData{id=139, firstName='nastya', lastName='Ovchinnickova'}, ContactsData{id=143, firstName='Anastasia 2', lastName='Galimzyanova 2'}, ContactsData{id=140, firstName='Anastasia 4', lastName='Galimzyanova 4'}, ContactsData{id=141, firstName='Anastasia 0', lastName='Galimzyanova 0'}, ContactsData{id=138, firstName='Anastasia 2', lastName='Galimzyanova 2'}, ContactsData{id=136, firstName='Anastasia 0', lastName='Galimzyanova 0'}, ContactsData{id=122, firstName='nastya3', lastName='Ovchinnickova3'}, ContactsData{id=145, firstName='Anastasia 4', lastName='Galimzyanova 4'}, ContactsData{id=127, firstName='Anastasia 1', lastName='Galimzyanova 1'}, ContactsData{id=118, firstName='nastya', lastName='Ovchinnickova'}, ContactsData{id=134, firstName='Anastasia 3', lastName='Galimzyanova 3'}, ContactsData{id=132, firstName='Anastasia 1', lastName='Galimzyanova 1'}, ContactsData{id=125, firstName='nastya3', lastName='Ovchinnickova3'}, ContactsData{id=129, firstName='Anastasia 3', lastName='Galimzyanova 3'}]&gt;" type="java.lang.AssertionError">java.lang.AssertionError: 
Expected: &lt;[ContactsData{id=137, firstName='Anastasia 1', lastName='Galimzyanova 1'}, ContactsData{id=120, firstName='nastya', lastName='Ovchinnickova'}, ContactsData{id=119, firstName='nastya', lastName='Ovchinnickova'}, ContactsData{id=144, firstName='Anastasia 3', lastName='Galimzyanova 3'}, ContactsData{id=123, firstName='nastya', lastName='Ovchinnickova'}, ContactsData{id=126, firstName='Anastasia 0', lastName='Galimzyanova 0'}, ContactsData{id=135, firstName='Anastasia 4', lastName='Galimzyanova 4'}, ContactsData{id=124, firstName='nastya2', lastName='Ovchinnickova2'}, ContactsData{id=133, firstName='Anastasia 2', lastName='Galimzyanova 2'}, ContactsData{id=130, firstName='Anastasia 4', lastName='Galimzyanova 4'}, ContactsData{id=131, firstName='Anastasia 0', lastName='Galimzyanova 0'}, ContactsData{id=128, firstName='Anastasia 2', lastName='Galimzyanova 2'}, ContactsData{id=139, firstName='nastya', lastName='Ovchinnickova'}, ContactsData{id=143, firstName='Anastasia 2', lastName='Galimzyanova 2'}, ContactsData{id=140, firstName='Anastasia 4', lastName='Galimzyanova 4'}, ContactsData{id=141, firstName='Anastasia 0', lastName='Galimzyanova 0'}, ContactsData{id=138, firstName='Anastasia 2', lastName='Galimzyanova 2'}, ContactsData{id=136, firstName='Anastasia 0', lastName='Galimzyanova 0'}, ContactsData{id=122, firstName='nastya3', lastName='Ovchinnickova3'}, ContactsData{id=145, firstName='Anastasia 4', lastName='Galimzyanova 4'}, ContactsData{id=127, firstName='Anastasia 1', lastName='Galimzyanova 1'}, ContactsData{id=118, firstName='nastya', lastName='Ovchinnickova'}, ContactsData{id=134, firstName='Anastasia 3', lastName='Galimzyanova 3'}, ContactsData{id=132, firstName='Anastasia 1', lastName='Galimzyanova 1'}, ContactsData{id=125, firstName='nastya3', lastName='Ovchinnickova3'}, ContactsData{id=129, firstName='Anastasia 3', lastName='Galimzyanova 3'}]&gt;
     but: was &lt;[ContactsData{id=120, firstName='nastya', lastName='Ovchinnickova'}, ContactsData{id=119, firstName='nastya', lastName='Ovchinnickova'}, ContactsData{id=144, firstName='Anastasia 3', lastName='Galimzyanova 3'}, ContactsData{id=123, firstName='nastya', lastName='Ovchinnickova'}, ContactsData{id=126, firstName='Anastasia 0', lastName='Galimzyanova 0'}, ContactsData{id=135, firstName='Anastasia 4', lastName='Galimzyanova 4'}, ContactsData{id=137, firstName='nastya', lastName='Ovchinnickova'}, ContactsData{id=124, firstName='nastya2', lastName='Ovchinnickova2'}, ContactsData{id=133, firstName='Anastasia 2', lastName='Galimzyanova 2'}, ContactsData{id=130, firstName='Anastasia 4', lastName='Galimzyanova 4'}, ContactsData{id=131, firstName='Anastasia 0', lastName='Galimzyanova 0'}, ContactsData{id=128, firstName='Anastasia 2', lastName='Galimzyanova 2'}, ContactsData{id=139, firstName='nastya', lastName='Ovchinnickova'}, ContactsData{id=143, firstName='Anastasia 2', lastName='Galimzyanova 2'}, ContactsData{id=140, firstName='Anastasia 4', lastName='Galimzyanova 4'}, ContactsData{id=141, firstName='Anastasia 0', lastName='Galimzyanova 0'}, ContactsData{id=138, firstName='Anastasia 2', lastName='Galimzyanova 2'}, ContactsData{id=136, firstName='Anastasia 0', lastName='Galimzyanova 0'}, ContactsData{id=122, firstName='nastya3', lastName='Ovchinnickova3'}, ContactsData{id=145, firstName='Anastasia 4', lastName='Galimzyanova 4'}, ContactsData{id=127, firstName='Anastasia 1', lastName='Galimzyanova 1'}, ContactsData{id=118, firstName='nastya', lastName='Ovchinnickova'}, ContactsData{id=134, firstName='Anastasia 3', lastName='Galimzyanova 3'}, ContactsData{id=132, firstName='Anastasia 1', lastName='Galimzyanova 1'}, ContactsData{id=125, firstName='nastya3', lastName='Ovchinnickova3'}, ContactsData{id=129, firstName='Anastasia 3', lastName='Galimzyanova 3'}]&gt;
	at org.hamcrest.MatcherAssert.assertThat(MatcherAssert.java:20)
	at org.hamcrest.MatcherAssert.assertThat(MatcherAssert.java:6)
	at ru.stq.java.addressbook.tests.ContactModificationTest.testContactModification(ContactModificationTest.java:29)
	at java.base/jdk.internal.reflect.NativeMethodAccessorImpl.invoke0(Native Method)
	at java.base/jdk.internal.reflect.NativeMethodAccessorImpl.invoke(NativeMethodAccessorImpl.java:62)
	at java.base/jdk.internal.reflect.DelegatingMethodAccessorImpl.invoke(DelegatingMethodAccessorImpl.java:43)
	at java.base/java.lang.reflect.Method.invoke(Method.java:567)
	at org.testng.internal.MethodInvocationHelper.invokeMethod(MethodInvocationHelper.java:133)
	at org.testng.internal.TestInvoker.invokeMethod(TestInvoker.java:584)
	at org.testng.internal.TestInvoker.invokeTestMethod(TestInvoker.java:172)
	at org.testng.internal.MethodRunner.runInSequence(MethodRunner.java:46)
	at org.testng.internal.TestInvoker$MethodInvocationAgent.invoke(TestInvoker.java:804)
	at org.testng.internal.TestInvoker.invokeTestMethods(TestInvoker.java:145)
	at org.testng.internal.TestMethodWorker.invokeTestMethods(TestMethodWorker.java:146)
	at org.testng.internal.TestMethodWorker.run(TestMethodWorker.java:128)
	at java.base/java.util.ArrayList.forEach(ArrayList.java:1540)
	at org.testng.TestRunner.privateRun(TestRunner.java:770)
	at org.testng.TestRunner.run(TestRunner.java:591)
	at org.testng.SuiteRunner.runTest(SuiteRunner.java:402)
	at org.testng.SuiteRunner.runSequentially(SuiteRunner.java:396)
	at org.testng.SuiteRunner.privateRun(SuiteRunner.java:355)
	at org.testng.SuiteRunner.run(SuiteRunner.java:304)
	at org.testng.SuiteRunnerWorker.runSuite(SuiteRunnerWorker.java:53)
	at org.testng.SuiteRunnerWorker.run(SuiteRunnerWorker.java:96)
	at org.testng.TestNG.runSuitesSequentially(TestNG.java:1180)
	at org.testng.TestNG.runSuitesLocally(TestNG.java:1102)
	at org.testng.TestNG.runSuites(TestNG.java:1032)
	at org.testng.TestNG.run(TestNG.java:1000)
	at org.gradle.api.internal.tasks.testing.testng.TestNGTestClassProcessor.runTests(TestNGTestClassProcessor.java:141)
	at org.gradle.api.internal.tasks.testing.testng.TestNGTestClassProcessor.stop(TestNGTestClassProcessor.java:90)
	at org.gradle.api.internal.tasks.testing.SuiteTestClassProcessor.stop(SuiteTestClassProcessor.java:61)
	at java.base/jdk.internal.reflect.NativeMethodAccessorImpl.invoke0(Native Method)
	at java.base/jdk.internal.reflect.NativeMethodAccessorImpl.invoke(NativeMethodAccessorImpl.java:62)
	at java.base/jdk.internal.reflect.DelegatingMethodAccessorImpl.invoke(DelegatingMethodAccessorImpl.java:43)
	at java.base/java.lang.reflect.Method.invoke(Method.java:567)
	at org.gradle.internal.dispatch.ReflectionDispatch.dispatch(ReflectionDispatch.java:36)
	at org.gradle.internal.dispatch.ReflectionDispatch.dispatch(ReflectionDispatch.java:24)
	at org.gradle.internal.dispatch.ContextClassLoaderDispatch.dispatch(ContextClassLoaderDispatch.java:33)
	at org.gradle.internal.dispatch.ProxyDispatchAdapter$DispatchingInvocationHandler.invoke(ProxyDispatchAdapter.java:94)
	at com.sun.proxy.$Proxy2.stop(Unknown Source)
	at org.gradle.api.internal.tasks.testing.worker.TestWorker.stop(TestWorker.java:132)
	at java.base/jdk.internal.reflect.NativeMethodAccessorImpl.invoke0(Native Method)
	at java.base/jdk.internal.reflect.NativeMethodAccessorImpl.invoke(NativeMethodAccessorImpl.java:62)
	at java.base/jdk.internal.reflect.DelegatingMethodAccessorImpl.invoke(DelegatingMethodAccessorImpl.java:43)
	at java.base/java.lang.reflect.Method.invoke(Method.java:567)
	at org.gradle.internal.dispatch.ReflectionDispatch.dispatch(ReflectionDispatch.java:36)
	at org.gradle.internal.dispatch.ReflectionDispatch.dispatch(ReflectionDispatch.java:24)
	at org.gradle.internal.remote.internal.hub.MessageHubBackedObjectConnection$DispatchWrapper.dispatch(MessageHubBackedObjectConnection.java:182)
	at org.gradle.internal.remote.internal.hub.MessageHubBackedObjectConnection$DispatchWrapper.dispatch(MessageHubBackedObjectConnection.java:164)
	at org.gradle.internal.remote.internal.hub.MessageHub$Handler.run(MessageHub.java:412)
	at org.gradle.internal.concurrent.ExecutorPolicy$CatchAndRecordFailures.onExecute(ExecutorPolicy.java:64)
	at org.gradle.internal.concurrent.ManagedExecutorImpl$1.run(ManagedExecutorImpl.java:48)
	at java.base/java.util.concurrent.ThreadPoolExecutor.runWorker(ThreadPoolExecutor.java:1128)
	at java.base/java.util.concurrent.ThreadPoolExecutor$Worker.run(ThreadPoolExecutor.java:628)
	at org.gradle.internal.concurrent.ThreadFactoryImpl$ManagedThreadRunnable.run(ThreadFactoryImpl.java:56)
	at java.base/java.lang.Thread.run(Thread.java:835)
</failure>
  </testcase>
  <system-out><![CDATA[]]></system-out>
  <system-err><![CDATA[]]></system-err>
</testsuite>
