<?xml version="1.0" encoding="UTF-8"?>
<testsuite name="ru.stq.java.addressbook.tests.ContactPhoneTest" tests="1" skipped="0" failures="0" errors="0" timestamp="2019-10-07T08:24:06" hostname="DESKTOP-OPO1NB3" time="0.562">
  <properties/>
  <testcase name="testContactPhones" classname="ru.stq.java.addressbook.tests.ContactPhoneTest" time="0.562"/>
  <system-out><![CDATA[]]></system-out>
  <system-err><![CDATA[]]></system-err>
</testsuite>
