<?xml version="1.0" encoding="UTF-8"?>
<testsuite name="ru.stq.java.addressbook.tests.HbConnectionTest" tests="1" skipped="0" failures="0" errors="0" timestamp="2019-10-21T06:45:15" hostname="DESKTOP-OPO1NB3" time="0.229">
  <properties/>
  <testcase name="hbConnectionTest" classname="ru.stq.java.addressbook.tests.HbConnectionTest" time="0.229"/>
  <system-out><![CDATA[11:45:13,588 |-INFO in ch.qos.logback.classic.LoggerContext[default] - Could NOT find resource [logback.groovy]
11:45:13,604 |-INFO in ch.qos.logback.classic.LoggerContext[default] - Could NOT find resource [logback-test.xml]
11:45:13,604 |-INFO in ch.qos.logback.classic.LoggerContext[default] - Found resource [logback.xml] at [file:/F:/%d0%9d%d0%90%d0%a1%d0%a2%d0%af/JAVA/JAVA/addressbook-web-tests/build/resources/test/logback.xml]
11:45:13,651 |-INFO in ch.qos.logback.classic.joran.action.ConfigurationAction - debug attribute not set
11:45:13,666 |-INFO in ch.qos.logback.core.joran.action.TimestampAction - Using current interpretation time, i.e. now, as time reference.
11:45:13,682 |-INFO in ch.qos.logback.core.joran.action.TimestampAction - Adding property to the context with key="bySecond" and value="20191021T114513" to the LOCAL scope
11:45:13,682 |-INFO in ch.qos.logback.core.joran.action.AppenderAction - About to instantiate appender of type [ch.qos.logback.core.FileAppender]
11:45:13,698 |-INFO in ch.qos.logback.core.joran.action.AppenderAction - Naming appender as [FILE]
11:45:13,713 |-ERROR in ch.qos.logback.core.joran.spi.Interpreter@7:25 - no applicable action for [immediateFlush], current ElementPath  is [[configuration][appender][immediateFlush]]
11:45:13,713 |-INFO in ch.qos.logback.core.joran.action.NestedComplexPropertyIA - Assuming default type [ch.qos.logback.classic.encoder.PatternLayoutEncoder] for [encoder] property
11:45:13,729 |-INFO in ch.qos.logback.core.FileAppender[FILE] - File property is set to [test-20191021T114513.log]
11:45:13,729 |-INFO in ch.qos.logback.core.joran.action.AppenderAction - About to instantiate appender of type [ch.qos.logback.core.ConsoleAppender]
11:45:13,729 |-INFO in ch.qos.logback.core.joran.action.AppenderAction - Naming appender as [STDOUT]
11:45:13,745 |-INFO in ch.qos.logback.core.joran.action.NestedComplexPropertyIA - Assuming default type [ch.qos.logback.classic.encoder.PatternLayoutEncoder] for [encoder] property
11:45:13,745 |-INFO in ch.qos.logback.classic.joran.action.RootLoggerAction - Setting level of ROOT logger to DEBUG
11:45:13,745 |-INFO in ch.qos.logback.core.joran.action.AppenderRefAction - Attaching appender named [FILE] to Logger[ROOT]
11:45:13,745 |-INFO in ch.qos.logback.core.joran.action.AppenderRefAction - Attaching appender named [STDOUT] to Logger[ROOT]
11:45:13,745 |-INFO in ch.qos.logback.classic.joran.action.ConfigurationAction - End of configuration.
11:45:13,745 |-INFO in ch.qos.logback.classic.joran.JoranConfigurator@33420c4b - Registering current configuration as safe fallback point

11:45:13.838 [Test worker] INFO  org.hibernate.Version - HHH000412: Hibernate Core {5.4.2.Final}
11:45:14.213 [Test worker] INFO  o.h.annotations.common.Version - HCANN000001: Hibernate Commons Annotations {5.1.0.Final}
11:45:14.323 [Test worker] WARN  o.hibernate.orm.connections.pooling - HHH10001002: Using Hibernate built-in connection pool (not for production use!)
11:45:14.354 [Test worker] INFO  o.hibernate.orm.connections.pooling - HHH10001005: using driver [com.mysql.cj.jdbc.Driver] at URL [jdbc:mysql://localhost/addressbook?useUnicode=true&useJDBCCompliantTimezoneShift=true&useLegacyDatetimeCode=false&serverTimezone=UTC]
11:45:14.354 [Test worker] INFO  o.hibernate.orm.connections.pooling - HHH10001001: Connection properties: {password=, user=root}
11:45:14.354 [Test worker] INFO  o.hibernate.orm.connections.pooling - HHH10001003: Autocommit mode: false
11:45:14.354 [Test worker] INFO  o.h.e.j.c.i.DriverManagerConnectionProviderImpl - HHH000115: Hibernate connection pool size: 1 (min=1)
11:45:14.536 [Test worker] INFO  org.hibernate.dialect.Dialect - HHH000400: Using dialect: org.hibernate.dialect.MySQLDialect
11:45:15.116 [Test worker] INFO  org.hibernate.orm.connections.access - HHH10001501: Connection obtained from JdbcConnectionAccess [org.hibernate.engine.jdbc.env.internal.JdbcEnvironmentInitiator$ConnectionProviderJdbcConnectionAccess@66f1d55] for (non-JTA) DDL execution was not in auto-commit mode; the Connection 'local transaction' will be committed and the Connection will be set into auto-commit mode.
11:45:15.150 [Test worker] INFO  o.h.e.t.j.p.i.JtaPlatformInitiator - HHH000490: Using JtaPlatform implementation: [org.hibernate.engine.transaction.jta.platform.internal.NoJtaPlatform]
Hibernate: select contactsda0_.id as id1_0_, contactsda0_.email as email2_0_, contactsda0_.email2 as email3_0_, contactsda0_.email3 as email4_0_, contactsda0_.firstname as firstnam5_0_, contactsda0_.home as home6_0_, contactsda0_.lastname as lastname7_0_, contactsda0_.mobile as mobile8_0_, contactsda0_.photo as photo9_0_, contactsda0_.work as work10_0_ from addressbook contactsda0_ where deprecated='0000-00-00 00:00:00'
ContactsData{id=118, firstName='nastya', lastName='Ovchinnickova'}
ContactsData{id=122, firstName='nastya3', lastName='Ovchinnickova3'}
ContactsData{id=124, firstName='nastya2', lastName='Ovchinnickova2'}
ContactsData{id=125, firstName='nastya3', lastName='Ovchinnickova3'}
ContactsData{id=126, firstName='Anastasia 0', lastName='Galimzyanova 0'}
ContactsData{id=127, firstName='Anastasia 1', lastName='Galimzyanova 1'}
ContactsData{id=128, firstName='Anastasia 2', lastName='Galimzyanova 2'}
ContactsData{id=129, firstName='Anastasia 3', lastName='Galimzyanova 3'}
ContactsData{id=130, firstName='Anastasia 4', lastName='Galimzyanova 4'}
ContactsData{id=131, firstName='Anastasia 0', lastName='Galimzyanova 0'}
ContactsData{id=132, firstName='Anastasia 1', lastName='Galimzyanova 1'}
ContactsData{id=133, firstName='Anastasia 2', lastName='Galimzyanova 2'}
ContactsData{id=134, firstName='Anastasia 3', lastName='Galimzyanova 3'}
ContactsData{id=135, firstName='Anastasia 4', lastName='Galimzyanova 4'}
ContactsData{id=136, firstName='Anastasia 0', lastName='Galimzyanova 0'}
ContactsData{id=137, firstName='nastya', lastName='Ovchinnickova'}
ContactsData{id=138, firstName='Anastasia 2', lastName='Galimzyanova 2'}
ContactsData{id=139, firstName='nastya', lastName='Ovchinnickova'}
ContactsData{id=140, firstName='Anastasia 4', lastName='Galimzyanova 4'}
ContactsData{id=141, firstName='Anastasia 0', lastName='Galimzyanova 0'}
ContactsData{id=143, firstName='Anastasia 2', lastName='Galimzyanova 2'}
ContactsData{id=145, firstName='Anastasia 4', lastName='Galimzyanova 4'}
ContactsData{id=146, firstName='Anastasia 0', lastName='Galimzyanova 0'}
ContactsData{id=147, firstName='nastya', lastName='Ovchinnickova'}
ContactsData{id=148, firstName='Anastasia 2', lastName='Galimzyanova 2'}
ContactsData{id=149, firstName='nastya', lastName='Ovchinnickova'}
ContactsData{id=150, firstName='Anastasia 4', lastName='Galimzyanova 4'}
ContactsData{id=151, firstName='Anastasia 0', lastName='Galimzyanova 0'}
ContactsData{id=152, firstName='Anastasia 1', lastName='Galimzyanova 1'}
ContactsData{id=153, firstName='Anastasia 2', lastName='Galimzyanova 2'}
ContactsData{id=154, firstName='Anastasia 3', lastName='Galimzyanova 3'}
ContactsData{id=155, firstName='Anastasia 4', lastName='Galimzyanova 4'}
ContactsData{id=156, firstName='Anastasia 0', lastName='Galimzyanova 0'}
ContactsData{id=157, firstName='Anastasia 1', lastName='Galimzyanova 1'}
ContactsData{id=158, firstName='Anastasia 2', lastName='Galimzyanova 2'}
ContactsData{id=160, firstName='Anastasia 4', lastName='Galimzyanova 4'}
ContactsData{id=161, firstName='Anastasia 0', lastName='Galimzyanova 0'}
ContactsData{id=162, firstName='Anastasia 1', lastName='Galimzyanova 1'}
ContactsData{id=163, firstName='Anastasia 2', lastName='Galimzyanova 2'}
ContactsData{id=164, firstName='Anastasia 3', lastName='Galimzyanova 3'}
ContactsData{id=165, firstName='Anastasia 4', lastName='Galimzyanova 4'}
ContactsData{id=166, firstName='Anastasia 0', lastName='Galimzyanova 0'}
ContactsData{id=167, firstName='Anastasia 1', lastName='Galimzyanova 1'}
ContactsData{id=168, firstName='Anastasia 2', lastName='Galimzyanova 2'}
ContactsData{id=169, firstName='Anastasia 3', lastName='Galimzyanova 3'}
ContactsData{id=170, firstName='nastya', lastName='Ovchinnickova'}
ContactsData{id=171, firstName='Anastasia 0', lastName='Galimzyanova 0'}
ContactsData{id=172, firstName='Anastasia 1', lastName='Galimzyanova 1'}
ContactsData{id=173, firstName='nastya', lastName='Ovchinnickova'}
ContactsData{id=174, firstName='Anastasia 3', lastName='Galimzyanova 3'}
ContactsData{id=175, firstName='Anastasia 4', lastName='Galimzyanova 4'}
ContactsData{id=176, firstName='nastya', lastName='Ovchinnickova'}
ContactsData{id=177, firstName='Anastasia 1', lastName='Galimzyanova 1'}
ContactsData{id=178, firstName='Anastasia 2', lastName='Galimzyanova 2'}
ContactsData{id=179, firstName='Anastasia 3', lastName='Galimzyanova 3'}
ContactsData{id=181, firstName='Anastasia 0', lastName='Galimzyanova 0'}
ContactsData{id=182, firstName='Anastasia 1', lastName='Galimzyanova 1'}
ContactsData{id=184, firstName='Anastasia 3', lastName='Galimzyanova 3'}
ContactsData{id=185, firstName='Anastasia 4', lastName='Galimzyanova 4'}
ContactsData{id=186, firstName='Anastasia 0', lastName='Galimzyanova 0'}
ContactsData{id=187, firstName='Anastasia 1', lastName='Galimzyanova 1'}
ContactsData{id=188, firstName='Anastasia 2', lastName='Galimzyanova 2'}
ContactsData{id=189, firstName='Anastasia 3', lastName='Galimzyanova 3'}
ContactsData{id=191, firstName='Anastasia 0', lastName='Galimzyanova 0'}
ContactsData{id=192, firstName='Anastasia 1', lastName='Galimzyanova 1'}
ContactsData{id=193, firstName='Anastasia 2', lastName='Galimzyanova 2'}
ContactsData{id=194, firstName='Anastasia 3', lastName='Galimzyanova 3'}
ContactsData{id=195, firstName='Anastasia 4', lastName='Galimzyanova 4'}
ContactsData{id=196, firstName='Anastasia 0', lastName='Galimzyanova 0'}
ContactsData{id=197, firstName='Anastasia 1', lastName='Galimzyanova 1'}
ContactsData{id=198, firstName='Anastasia 2', lastName='Galimzyanova 2'}
ContactsData{id=199, firstName='Anastasia 3', lastName='Galimzyanova 3'}
ContactsData{id=200, firstName='Anastasia 4', lastName='Galimzyanova 4'}
ContactsData{id=201, firstName='Anastasia 0', lastName='Galimzyanova 0'}
ContactsData{id=202, firstName='Anastasia 1', lastName='Galimzyanova 1'}
ContactsData{id=203, firstName='Anastasia 2', lastName='Galimzyanova 2'}
ContactsData{id=204, firstName='Anastasia 3', lastName='Galimzyanova 3'}
ContactsData{id=205, firstName='Anastasia 4', lastName='Galimzyanova 4'}
ContactsData{id=206, firstName='Anastasia 0', lastName='Galimzyanova 0'}
ContactsData{id=207, firstName='Anastasia 1', lastName='Galimzyanova 1'}
ContactsData{id=208, firstName='Anastasia 2', lastName='Galimzyanova 2'}
ContactsData{id=209, firstName='Anastasia 3', lastName='Galimzyanova 3'}
ContactsData{id=210, firstName='Anastasia 4', lastName='Galimzyanova 4'}
]]></system-out>
  <system-err><![CDATA[]]></system-err>
</testsuite>
