<?xml version="1.0" encoding="UTF-8"?>
<testsuite name="ru.stq.java.addressbook.ContactCreationTest" tests="1" skipped="0" failures="0" errors="0" timestamp="2019-09-16T02:15:57" hostname="DESKTOP-OPO1NB3" time="1.766">
  <properties/>
  <testcase name="testContactCreation" classname="ru.stq.java.addressbook.ContactCreationTest" time="1.766"/>
  <system-out><![CDATA[]]></system-out>
  <system-err><![CDATA[1568600152838	mozrunner::runner	INFO	Running command: "C:\\Program Files (x86)\\Mozilla Firefox\\firefox.exe" "-marionette" "-foreground" "-no-remote" "-profile" "C:\\Users\\alexo\\AppData\\Local\\Temp\\rust_mozprofiledeMHEc"
1568600153290	addons.webextension.screenshots@mozilla.org	WARN	Loading extension 'screenshots@mozilla.org': Reading manifest: Invalid extension permission: mozillaAddons
1568600153290	addons.webextension.screenshots@mozilla.org	WARN	Loading extension 'screenshots@mozilla.org': Reading manifest: Invalid extension permission: telemetry
1568600153290	addons.webextension.screenshots@mozilla.org	WARN	Loading extension 'screenshots@mozilla.org': Reading manifest: Invalid extension permission: resource://pdf.js/
1568600153291	addons.webextension.screenshots@mozilla.org	WARN	Loading extension 'screenshots@mozilla.org': Reading manifest: Invalid extension permission: about:reader*
JavaScript error: resource://gre/modules/XULStore.jsm, line 66: Error: Can't find profile directory.
WARN: compileToBinary(259): 
C:\fakepath(337,18-133): warning X3571: pow(f, e) will not work for negative f, use abs(f) or conditionally handle negative values if you expect them
C:\fakepath(343,62-116): warning X3571: pow(f, e) will not work for negative f, use abs(f) or conditionally handle negative values if you expect them
C:\fakepath(366,75-84): warning X3556: integer divides may be much slower, try using uints if possible.
C:\fakepath(369,50-59): warning X3556: integer modulus may be much slower, try using uints if possible.
C:\fakepath(385,33-90): warning X3571: pow(f, e) will not work for negative f, use abs(f) or conditionally handle negative values if you expect them
C:\fakepath(174,1-6): warning X4000: use of potentially uninitialized variable (dyn_index_vec4_float4)
C:\fakepath(289,25-29): error X4576: Input array signature parameter SV_Position cannot be indexed dynamically.

WARN: compileToBinary(259): 
C:\fakepath(337,18-133): warning X3571: pow(f, e) will not work for negative f, use abs(f) or conditionally handle negative values if you expect them
C:\fakepath(343,62-116): warning X3571: pow(f, e) will not work for negative f, use abs(f) or conditionally handle negative values if you expect them
C:\fakepath(366,75-84): warning X3556: integer divides may be much slower, try using uints if possible.
C:\fakepath(369,50-59): warning X3556: integer modulus may be much slower, try using uints if possible.
C:\fakepath(385,33-90): warning X3571: pow(f, e) will not work for negative f, use abs(f) or conditionally handle negative values if you expect them
C:\fakepath(174,1-6): warning X4000: use of potentially uninitialized variable (dyn_index_vec4_float4)
C:\fakepath(289,25-29): error X4576: Input array signature parameter SV_Position cannot be indexed dynamically.

WARN: compileToBinary(259): 
C:\fakepath(366,75-84): warning X3556: integer divides may be much slower, try using uints if possible.
C:\fakepath(369,50-59): warning X3556: integer modulus may be much slower, try using uints if possible.
C:\fakepath(174,1-6): warning X4000: use of potentially uninitialized variable (dyn_index_vec4_float4)
C:\fakepath(225,1): warning X4000: use of potentially uninitialized variable (f_distance_aa)
C:\fakepath(262,1): warning X4000: use of potentially uninitialized variable (f_do_clip)

1568600156015	Marionette	INFO	Listening on port 53378
1568600156502	Marionette	WARN	TLS certificate errors will be ignored for this session
сент. 16, 2019 7:15:56 AM org.openqa.selenium.remote.ProtocolHandshake createSession
INFO: Detected dialect: W3C
]]></system-err>
</testsuite>
