<?xml version="1.0" encoding="UTF-8"?>
<testsuite name="ru.stq.java.addressbook.tests.ContactCreationTest" tests="5" skipped="0" failures="0" errors="0" timestamp="2019-10-13T09:16:00" hostname="DESKTOP-OPO1NB3" time="24.239">
  <properties/>
  <testcase name="testContactCreation[0](ContactsData{id=2147483647, firstName='Anastasia 0', lastName='Galimzyanova 0'})" classname="ru.stq.java.addressbook.tests.ContactCreationTest" time="5.345"/>
  <testcase name="testContactCreation[1](ContactsData{id=2147483647, firstName='Anastasia 1', lastName='Galimzyanova 1'})" classname="ru.stq.java.addressbook.tests.ContactCreationTest" time="4.602"/>
  <testcase name="testContactCreation[2](ContactsData{id=2147483647, firstName='Anastasia 2', lastName='Galimzyanova 2'})" classname="ru.stq.java.addressbook.tests.ContactCreationTest" time="4.805"/>
  <testcase name="testContactCreation[3](ContactsData{id=2147483647, firstName='Anastasia 3', lastName='Galimzyanova 3'})" classname="ru.stq.java.addressbook.tests.ContactCreationTest" time="4.887"/>
  <testcase name="testContactCreation[4](ContactsData{id=2147483647, firstName='Anastasia 4', lastName='Galimzyanova 4'})" classname="ru.stq.java.addressbook.tests.ContactCreationTest" time="4.599"/>
  <system-out><![CDATA[]]></system-out>
  <system-err><![CDATA[]]></system-err>
</testsuite>
