<?xml version="1.0" encoding="UTF-8"?>
<testsuite name="ru.stq.java.addressbook.tests.GroupCreationTest" tests="2" skipped="0" failures="0" errors="0" timestamp="2019-10-09T05:14:50" hostname="DESKTOP-OPO1NB3" time="4.042">
  <properties/>
  <testcase name="testBadGroupCreation" classname="ru.stq.java.addressbook.tests.GroupCreationTest" time="2.253"/>
  <testcase name="testGroupCreation" classname="ru.stq.java.addressbook.tests.GroupCreationTest" time="1.789"/>
  <system-out><![CDATA[]]></system-out>
  <system-err><![CDATA[]]></system-err>
</testsuite>
